{"D:\\sanbercode\\cmder\\hactiv8\\phase3\\final\\sign-io\\app.js": {"path":"D:\\sanbercode\\cmder\\hactiv8\\phase3\\final\\sign-io\\app.js","statementMap":{"0":{"start":{"line":1,"column":0},"end":{"line":3,"column":1}},"1":{"start":{"line":2,"column":2},"end":{"line":2,"column":29}},"2":{"start":{"line":5,"column":21},"end":{"line":5,"column":59}},"3":{"start":{"line":6,"column":16},"end":{"line":6,"column":34}},"4":{"start":{"line":7,"column":12},"end":{"line":7,"column":21}},"5":{"start":{"line":8,"column":13},"end":{"line":8,"column":37}},"6":{"start":{"line":9,"column":15},"end":{"line":9,"column":34}},"7":{"start":{"line":10,"column":13},"end":{"line":10,"column":28}},"8":{"start":{"line":13,"column":0},"end":{"line":13,"column":16}},"9":{"start":{"line":14,"column":0},"end":{"line":14,"column":24}},"10":{"start":{"line":15,"column":0},"end":{"line":15,"column":46}},"11":{"start":{"line":17,"column":0},"end":{"line":17,"column":16}},"12":{"start":{"line":18,"column":0},"end":{"line":18,"column":22}},"13":{"start":{"line":24,"column":0},"end":{"line":24,"column":21}}},"fnMap":{},"branchMap":{"0":{"loc":{"start":{"line":1,"column":0},"end":{"line":3,"column":1}},"type":"if","locations":[{"start":{"line":1,"column":0},"end":{"line":3,"column":1}},{"start":{"line":1,"column":0},"end":{"line":3,"column":1}}],"line":1},"1":{"loc":{"start":{"line":8,"column":13},"end":{"line":8,"column":37}},"type":"binary-expr","locations":[{"start":{"line":8,"column":13},"end":{"line":8,"column":29}},{"start":{"line":8,"column":33},"end":{"line":8,"column":37}}],"line":8}},"s":{"0":4,"1":0,"2":4,"3":4,"4":4,"5":4,"6":4,"7":4,"8":4,"9":4,"10":4,"11":4,"12":4,"13":4},"f":{},"b":{"0":[0,4],"1":[4,4]},"_coverageSchema":"1a1c01bbd47fc00a2c39e90264f33305004495a9","hash":"5a25a9e5290f62bbef5386279fec7a274168c82b"}
,"D:\\sanbercode\\cmder\\hactiv8\\phase3\\final\\sign-io\\controllers\\friendControl.js": {"path":"D:\\sanbercode\\cmder\\hactiv8\\phase3\\final\\sign-io\\controllers\\friendControl.js","statementMap":{"0":{"start":{"line":1,"column":19},"end":{"line":1,"column":39}},"1":{"start":{"line":6,"column":4},"end":{"line":12,"column":8}},"2":{"start":{"line":8,"column":8},"end":{"line":8,"column":35}},"3":{"start":{"line":11,"column":8},"end":{"line":11,"column":17}},"4":{"start":{"line":16,"column":20},"end":{"line":16,"column":36}},"5":{"start":{"line":17,"column":16},"end":{"line":20,"column":5}},"6":{"start":{"line":22,"column":4},"end":{"line":28,"column":8}},"7":{"start":{"line":24,"column":8},"end":{"line":24,"column":34}},"8":{"start":{"line":27,"column":8},"end":{"line":27,"column":43}},"9":{"start":{"line":32,"column":21},"end":{"line":32,"column":35}},"10":{"start":{"line":34,"column":4},"end":{"line":42,"column":8}},"11":{"start":{"line":38,"column":8},"end":{"line":38,"column":80}},"12":{"start":{"line":41,"column":8},"end":{"line":41,"column":59}},"13":{"start":{"line":47,"column":0},"end":{"line":47,"column":33}}},"fnMap":{"0":{"name":"(anonymous_0)","decl":{"start":{"line":5,"column":2},"end":{"line":5,"column":3}},"loc":{"start":{"line":5,"column":33},"end":{"line":13,"column":3}},"line":5},"1":{"name":"(anonymous_1)","decl":{"start":{"line":7,"column":12},"end":{"line":7,"column":13}},"loc":{"start":{"line":7,"column":20},"end":{"line":9,"column":7}},"line":7},"2":{"name":"(anonymous_2)","decl":{"start":{"line":10,"column":13},"end":{"line":10,"column":14}},"loc":{"start":{"line":10,"column":20},"end":{"line":12,"column":7}},"line":10},"3":{"name":"(anonymous_3)","decl":{"start":{"line":15,"column":2},"end":{"line":15,"column":3}},"loc":{"start":{"line":15,"column":35},"end":{"line":29,"column":3}},"line":15},"4":{"name":"(anonymous_4)","decl":{"start":{"line":23,"column":12},"end":{"line":23,"column":13}},"loc":{"start":{"line":23,"column":20},"end":{"line":25,"column":7}},"line":23},"5":{"name":"(anonymous_5)","decl":{"start":{"line":26,"column":13},"end":{"line":26,"column":14}},"loc":{"start":{"line":26,"column":20},"end":{"line":28,"column":7}},"line":26},"6":{"name":"(anonymous_6)","decl":{"start":{"line":31,"column":2},"end":{"line":31,"column":3}},"loc":{"start":{"line":31,"column":38},"end":{"line":43,"column":3}},"line":31},"7":{"name":"(anonymous_7)","decl":{"start":{"line":37,"column":12},"end":{"line":37,"column":13}},"loc":{"start":{"line":37,"column":20},"end":{"line":39,"column":7}},"line":37},"8":{"name":"(anonymous_8)","decl":{"start":{"line":40,"column":13},"end":{"line":40,"column":14}},"loc":{"start":{"line":40,"column":20},"end":{"line":42,"column":7}},"line":40}},"branchMap":{},"s":{"0":4,"1":1,"2":0,"3":1,"4":2,"5":2,"6":2,"7":0,"8":2,"9":0,"10":0,"11":0,"12":0,"13":4},"f":{"0":1,"1":0,"2":1,"3":2,"4":0,"5":2,"6":0,"7":0,"8":0},"b":{},"_coverageSchema":"1a1c01bbd47fc00a2c39e90264f33305004495a9","hash":"8f2f1979be8eb0ff947ab55be284d78b89efc7dd"}
,"D:\\sanbercode\\cmder\\hactiv8\\phase3\\final\\sign-io\\controllers\\memberControl.js": {"path":"D:\\sanbercode\\cmder\\hactiv8\\phase3\\final\\sign-io\\controllers\\memberControl.js","statementMap":{"0":{"start":{"line":1,"column":19},"end":{"line":1,"column":39}},"1":{"start":{"line":6,"column":4},"end":{"line":13,"column":8}},"2":{"start":{"line":8,"column":8},"end":{"line":8,"column":35}},"3":{"start":{"line":12,"column":8},"end":{"line":12,"column":18}},"4":{"start":{"line":17,"column":16},"end":{"line":20,"column":5}},"5":{"start":{"line":22,"column":4},"end":{"line":30,"column":8}},"6":{"start":{"line":24,"column":8},"end":{"line":24,"column":35}},"7":{"start":{"line":28,"column":8},"end":{"line":28,"column":18}},"8":{"start":{"line":34,"column":21},"end":{"line":34,"column":35}},"9":{"start":{"line":36,"column":4},"end":{"line":45,"column":8}},"10":{"start":{"line":40,"column":8},"end":{"line":40,"column":56}},"11":{"start":{"line":44,"column":8},"end":{"line":44,"column":18}},"12":{"start":{"line":49,"column":0},"end":{"line":49,"column":33}}},"fnMap":{"0":{"name":"(anonymous_0)","decl":{"start":{"line":5,"column":2},"end":{"line":5,"column":3}},"loc":{"start":{"line":5,"column":32},"end":{"line":14,"column":3}},"line":5},"1":{"name":"(anonymous_1)","decl":{"start":{"line":7,"column":12},"end":{"line":7,"column":13}},"loc":{"start":{"line":7,"column":20},"end":{"line":9,"column":7}},"line":7},"2":{"name":"(anonymous_2)","decl":{"start":{"line":10,"column":13},"end":{"line":10,"column":14}},"loc":{"start":{"line":10,"column":20},"end":{"line":13,"column":7}},"line":10},"3":{"name":"(anonymous_3)","decl":{"start":{"line":16,"column":2},"end":{"line":16,"column":3}},"loc":{"start":{"line":16,"column":34},"end":{"line":31,"column":3}},"line":16},"4":{"name":"(anonymous_4)","decl":{"start":{"line":23,"column":12},"end":{"line":23,"column":13}},"loc":{"start":{"line":23,"column":20},"end":{"line":25,"column":7}},"line":23},"5":{"name":"(anonymous_5)","decl":{"start":{"line":26,"column":13},"end":{"line":26,"column":14}},"loc":{"start":{"line":26,"column":20},"end":{"line":30,"column":7}},"line":26},"6":{"name":"(anonymous_6)","decl":{"start":{"line":33,"column":2},"end":{"line":33,"column":3}},"loc":{"start":{"line":33,"column":37},"end":{"line":46,"column":3}},"line":33},"7":{"name":"(anonymous_7)","decl":{"start":{"line":39,"column":12},"end":{"line":39,"column":13}},"loc":{"start":{"line":39,"column":20},"end":{"line":41,"column":7}},"line":39},"8":{"name":"(anonymous_8)","decl":{"start":{"line":42,"column":13},"end":{"line":42,"column":14}},"loc":{"start":{"line":42,"column":20},"end":{"line":45,"column":7}},"line":42}},"branchMap":{},"s":{"0":4,"1":1,"2":1,"3":0,"4":1,"5":1,"6":1,"7":0,"8":1,"9":1,"10":1,"11":0,"12":4},"f":{"0":1,"1":1,"2":0,"3":1,"4":1,"5":0,"6":1,"7":1,"8":0},"b":{},"_coverageSchema":"1a1c01bbd47fc00a2c39e90264f33305004495a9","hash":"eb581a62afdcc54bd1d6ef9b33c7721fc33fd7e1"}
,"D:\\sanbercode\\cmder\\hactiv8\\phase3\\final\\sign-io\\controllers\\roomControl.js": {"path":"D:\\sanbercode\\cmder\\hactiv8\\phase3\\final\\sign-io\\controllers\\roomControl.js","statementMap":{"0":{"start":{"line":1,"column":17},"end":{"line":1,"column":37}},"1":{"start":{"line":6,"column":4},"end":{"line":13,"column":8}},"2":{"start":{"line":8,"column":8},"end":{"line":8,"column":35}},"3":{"start":{"line":11,"column":8},"end":{"line":11,"column":43}},"4":{"start":{"line":17,"column":19},"end":{"line":17,"column":35}},"5":{"start":{"line":18,"column":16},"end":{"line":21,"column":5}},"6":{"start":{"line":23,"column":4},"end":{"line":34,"column":8}},"7":{"start":{"line":25,"column":8},"end":{"line":29,"column":10}},"8":{"start":{"line":32,"column":8},"end":{"line":32,"column":43}},"9":{"start":{"line":38,"column":19},"end":{"line":38,"column":33}},"10":{"start":{"line":40,"column":4},"end":{"line":50,"column":8}},"11":{"start":{"line":44,"column":8},"end":{"line":44,"column":80}},"12":{"start":{"line":47,"column":8},"end":{"line":47,"column":43}},"13":{"start":{"line":48,"column":8},"end":{"line":48,"column":59}},"14":{"start":{"line":55,"column":0},"end":{"line":55,"column":31}}},"fnMap":{"0":{"name":"(anonymous_0)","decl":{"start":{"line":5,"column":2},"end":{"line":5,"column":3}},"loc":{"start":{"line":5,"column":32},"end":{"line":14,"column":3}},"line":5},"1":{"name":"(anonymous_1)","decl":{"start":{"line":7,"column":12},"end":{"line":7,"column":13}},"loc":{"start":{"line":7,"column":20},"end":{"line":9,"column":7}},"line":7},"2":{"name":"(anonymous_2)","decl":{"start":{"line":10,"column":13},"end":{"line":10,"column":14}},"loc":{"start":{"line":10,"column":20},"end":{"line":13,"column":7}},"line":10},"3":{"name":"(anonymous_3)","decl":{"start":{"line":16,"column":2},"end":{"line":16,"column":3}},"loc":{"start":{"line":16,"column":32},"end":{"line":35,"column":3}},"line":16},"4":{"name":"(anonymous_4)","decl":{"start":{"line":24,"column":12},"end":{"line":24,"column":13}},"loc":{"start":{"line":24,"column":20},"end":{"line":30,"column":7}},"line":24},"5":{"name":"(anonymous_5)","decl":{"start":{"line":31,"column":13},"end":{"line":31,"column":14}},"loc":{"start":{"line":31,"column":20},"end":{"line":34,"column":7}},"line":31},"6":{"name":"(anonymous_6)","decl":{"start":{"line":37,"column":2},"end":{"line":37,"column":3}},"loc":{"start":{"line":37,"column":36},"end":{"line":52,"column":3}},"line":37},"7":{"name":"(anonymous_7)","decl":{"start":{"line":43,"column":12},"end":{"line":43,"column":13}},"loc":{"start":{"line":43,"column":20},"end":{"line":45,"column":7}},"line":43},"8":{"name":"(anonymous_8)","decl":{"start":{"line":46,"column":13},"end":{"line":46,"column":14}},"loc":{"start":{"line":46,"column":20},"end":{"line":50,"column":7}},"line":46}},"branchMap":{},"s":{"0":4,"1":1,"2":1,"3":0,"4":4,"5":4,"6":4,"7":3,"8":1,"9":1,"10":1,"11":1,"12":0,"13":0,"14":4},"f":{"0":1,"1":1,"2":0,"3":4,"4":3,"5":1,"6":1,"7":1,"8":0},"b":{},"_coverageSchema":"1a1c01bbd47fc00a2c39e90264f33305004495a9","hash":"1fefaa922da2f5df147e0d93778660c851f14b6c"}
,"D:\\sanbercode\\cmder\\hactiv8\\phase3\\final\\sign-io\\controllers\\userControl.js": {"path":"D:\\sanbercode\\cmder\\hactiv8\\phase3\\final\\sign-io\\controllers\\userControl.js","statementMap":{"0":{"start":{"line":1,"column":24},"end":{"line":1,"column":52}},"1":{"start":{"line":2,"column":22},"end":{"line":2,"column":47}},"2":{"start":{"line":3,"column":17},"end":{"line":3,"column":37}},"3":{"start":{"line":26,"column":16},"end":{"line":30,"column":5}},"4":{"start":{"line":32,"column":4},"end":{"line":41,"column":8}},"5":{"start":{"line":34,"column":8},"end":{"line":37,"column":11}},"6":{"start":{"line":40,"column":8},"end":{"line":40,"column":21}},"7":{"start":{"line":45,"column":20},"end":{"line":48,"column":5}},"8":{"start":{"line":50,"column":4},"end":{"line":72,"column":5}},"9":{"start":{"line":51,"column":6},"end":{"line":51,"column":61}},"10":{"start":{"line":53,"column":6},"end":{"line":71,"column":10}},"11":{"start":{"line":57,"column":10},"end":{"line":67,"column":11}},"12":{"start":{"line":58,"column":12},"end":{"line":58,"column":64}},"13":{"start":{"line":59,"column":17},"end":{"line":67,"column":11}},"14":{"start":{"line":60,"column":12},"end":{"line":60,"column":64}},"15":{"start":{"line":62,"column":33},"end":{"line":65,"column":14}},"16":{"start":{"line":66,"column":12},"end":{"line":66,"column":91}},"17":{"start":{"line":70,"column":10},"end":{"line":70,"column":38}},"18":{"start":{"line":74,"column":4},"end":{"line":92,"column":8}},"19":{"start":{"line":78,"column":8},"end":{"line":88,"column":9}},"20":{"start":{"line":79,"column":10},"end":{"line":79,"column":60}},"21":{"start":{"line":80,"column":15},"end":{"line":88,"column":9}},"22":{"start":{"line":81,"column":10},"end":{"line":81,"column":60}},"23":{"start":{"line":83,"column":31},"end":{"line":86,"column":12}},"24":{"start":{"line":87,"column":10},"end":{"line":87,"column":88}},"25":{"start":{"line":91,"column":8},"end":{"line":91,"column":17}},"26":{"start":{"line":96,"column":19},"end":{"line":96,"column":32}},"27":{"start":{"line":97,"column":16},"end":{"line":100,"column":5}},"28":{"start":{"line":102,"column":4},"end":{"line":108,"column":8}},"29":{"start":{"line":104,"column":8},"end":{"line":104,"column":34}},"30":{"start":{"line":107,"column":8},"end":{"line":107,"column":17}},"31":{"start":{"line":112,"column":0},"end":{"line":112,"column":31}}},"fnMap":{"0":{"name":"(anonymous_0)","decl":{"start":{"line":25,"column":2},"end":{"line":25,"column":3}},"loc":{"start":{"line":25,"column":33},"end":{"line":42,"column":3}},"line":25},"1":{"name":"(anonymous_1)","decl":{"start":{"line":33,"column":12},"end":{"line":33,"column":13}},"loc":{"start":{"line":33,"column":20},"end":{"line":38,"column":7}},"line":33},"2":{"name":"(anonymous_2)","decl":{"start":{"line":39,"column":13},"end":{"line":39,"column":14}},"loc":{"start":{"line":39,"column":23},"end":{"line":41,"column":7}},"line":39},"3":{"name":"(anonymous_3)","decl":{"start":{"line":44,"column":2},"end":{"line":44,"column":3}},"loc":{"start":{"line":44,"column":30},"end":{"line":93,"column":3}},"line":44},"4":{"name":"(anonymous_4)","decl":{"start":{"line":56,"column":14},"end":{"line":56,"column":15}},"loc":{"start":{"line":56,"column":22},"end":{"line":68,"column":9}},"line":56},"5":{"name":"(anonymous_5)","decl":{"start":{"line":69,"column":15},"end":{"line":69,"column":16}},"loc":{"start":{"line":69,"column":22},"end":{"line":71,"column":9}},"line":69},"6":{"name":"(anonymous_6)","decl":{"start":{"line":77,"column":12},"end":{"line":77,"column":13}},"loc":{"start":{"line":77,"column":20},"end":{"line":89,"column":7}},"line":77},"7":{"name":"(anonymous_7)","decl":{"start":{"line":90,"column":13},"end":{"line":90,"column":14}},"loc":{"start":{"line":90,"column":20},"end":{"line":92,"column":7}},"line":90},"8":{"name":"(anonymous_8)","decl":{"start":{"line":95,"column":2},"end":{"line":95,"column":3}},"loc":{"start":{"line":95,"column":31},"end":{"line":109,"column":3}},"line":95},"9":{"name":"(anonymous_9)","decl":{"start":{"line":103,"column":12},"end":{"line":103,"column":13}},"loc":{"start":{"line":103,"column":20},"end":{"line":105,"column":7}},"line":103},"10":{"name":"(anonymous_10)","decl":{"start":{"line":106,"column":13},"end":{"line":106,"column":14}},"loc":{"start":{"line":106,"column":20},"end":{"line":108,"column":7}},"line":106}},"branchMap":{"0":{"loc":{"start":{"line":50,"column":4},"end":{"line":72,"column":5}},"type":"if","locations":[{"start":{"line":50,"column":4},"end":{"line":72,"column":5}},{"start":{"line":50,"column":4},"end":{"line":72,"column":5}}],"line":50},"1":{"loc":{"start":{"line":50,"column":7},"end":{"line":50,"column":42}},"type":"binary-expr","locations":[{"start":{"line":50,"column":7},"end":{"line":50,"column":21}},{"start":{"line":50,"column":25},"end":{"line":50,"column":42}}],"line":50},"2":{"loc":{"start":{"line":57,"column":10},"end":{"line":67,"column":11}},"type":"if","locations":[{"start":{"line":57,"column":10},"end":{"line":67,"column":11}},{"start":{"line":57,"column":10},"end":{"line":67,"column":11}}],"line":57},"3":{"loc":{"start":{"line":59,"column":17},"end":{"line":67,"column":11}},"type":"if","locations":[{"start":{"line":59,"column":17},"end":{"line":67,"column":11}},{"start":{"line":59,"column":17},"end":{"line":67,"column":11}}],"line":59},"4":{"loc":{"start":{"line":78,"column":8},"end":{"line":88,"column":9}},"type":"if","locations":[{"start":{"line":78,"column":8},"end":{"line":88,"column":9}},{"start":{"line":78,"column":8},"end":{"line":88,"column":9}}],"line":78},"5":{"loc":{"start":{"line":80,"column":15},"end":{"line":88,"column":9}},"type":"if","locations":[{"start":{"line":80,"column":15},"end":{"line":88,"column":9}},{"start":{"line":80,"column":15},"end":{"line":88,"column":9}}],"line":80}},"s":{"0":4,"1":4,"2":4,"3":2,"4":2,"5":1,"6":1,"7":6,"8":6,"9":0,"10":6,"11":6,"12":0,"13":6,"14":2,"15":4,"16":4,"17":0,"18":6,"19":6,"20":0,"21":6,"22":2,"23":4,"24":4,"25":6,"26":0,"27":0,"28":0,"29":0,"30":0,"31":4},"f":{"0":2,"1":1,"2":1,"3":6,"4":6,"5":0,"6":6,"7":6,"8":0,"9":0,"10":0},"b":{"0":[0,6],"1":[6,0],"2":[0,6],"3":[2,4],"4":[0,6],"5":[2,4]},"_coverageSchema":"1a1c01bbd47fc00a2c39e90264f33305004495a9","hash":"373b81fc2ffb1fcb53f2a4e0cdad392c7bccc9f3"}
,"D:\\sanbercode\\cmder\\hactiv8\\phase3\\final\\sign-io\\helpers\\bcrypt.js": {"path":"D:\\sanbercode\\cmder\\hactiv8\\phase3\\final\\sign-io\\helpers\\bcrypt.js","statementMap":{"0":{"start":{"line":1,"column":15},"end":{"line":1,"column":34}},"1":{"start":{"line":4,"column":15},"end":{"line":4,"column":36}},"2":{"start":{"line":5,"column":15},"end":{"line":5,"column":42}},"3":{"start":{"line":7,"column":2},"end":{"line":7,"column":14}},"4":{"start":{"line":11,"column":2},"end":{"line":11,"column":40}},"5":{"start":{"line":14,"column":0},"end":{"line":17,"column":1}}},"fnMap":{"0":{"name":"hashPass","decl":{"start":{"line":3,"column":9},"end":{"line":3,"column":17}},"loc":{"start":{"line":3,"column":24},"end":{"line":8,"column":1}},"line":3},"1":{"name":"comparePass","decl":{"start":{"line":10,"column":9},"end":{"line":10,"column":20}},"loc":{"start":{"line":10,"column":33},"end":{"line":12,"column":1}},"line":10}},"branchMap":{},"s":{"0":4,"1":1,"2":1,"3":1,"4":12,"5":4},"f":{"0":1,"1":12},"b":{},"_coverageSchema":"1a1c01bbd47fc00a2c39e90264f33305004495a9","hash":"6b8ce4ad29a4b3d3e8bb221a0cf4bdd0d01d208e"}
,"D:\\sanbercode\\cmder\\hactiv8\\phase3\\final\\sign-io\\helpers\\jwt.js": {"path":"D:\\sanbercode\\cmder\\hactiv8\\phase3\\final\\sign-io\\helpers\\jwt.js","statementMap":{"0":{"start":{"line":1,"column":12},"end":{"line":1,"column":35}},"1":{"start":{"line":2,"column":0},"end":{"line":2,"column":27}},"2":{"start":{"line":5,"column":16},"end":{"line":5,"column":50}},"3":{"start":{"line":6,"column":2},"end":{"line":6,"column":15}},"4":{"start":{"line":10,"column":18},"end":{"line":10,"column":52}},"5":{"start":{"line":11,"column":2},"end":{"line":11,"column":17}},"6":{"start":{"line":14,"column":0},"end":{"line":17,"column":1}}},"fnMap":{"0":{"name":"signToken","decl":{"start":{"line":4,"column":9},"end":{"line":4,"column":18}},"loc":{"start":{"line":4,"column":28},"end":{"line":7,"column":1}},"line":4},"1":{"name":"verifyToken","decl":{"start":{"line":9,"column":9},"end":{"line":9,"column":20}},"loc":{"start":{"line":9,"column":28},"end":{"line":12,"column":1}},"line":9}},"branchMap":{},"s":{"0":4,"1":4,"2":8,"3":8,"4":12,"5":12,"6":4},"f":{"0":8,"1":12},"b":{},"_coverageSchema":"1a1c01bbd47fc00a2c39e90264f33305004495a9","hash":"375520caa60bd9e73e8cb7969bdbe4647e98c6ee"}
,"D:\\sanbercode\\cmder\\hactiv8\\phase3\\final\\sign-io\\middlewares\\authentication.js": {"path":"D:\\sanbercode\\cmder\\hactiv8\\phase3\\final\\sign-io\\middlewares\\authentication.js","statementMap":{"0":{"start":{"line":1,"column":24},"end":{"line":1,"column":49}},"1":{"start":{"line":2,"column":17},"end":{"line":2,"column":37}},"2":{"start":{"line":5,"column":27},"end":{"line":5,"column":38}},"3":{"start":{"line":8,"column":2},"end":{"line":29,"column":3}},"4":{"start":{"line":9,"column":4},"end":{"line":25,"column":5}},"5":{"start":{"line":10,"column":6},"end":{"line":10,"column":60}},"6":{"start":{"line":13,"column":22},"end":{"line":13,"column":47}},"7":{"start":{"line":14,"column":19},"end":{"line":16,"column":8}},"8":{"start":{"line":18,"column":6},"end":{"line":24,"column":7}},"9":{"start":{"line":19,"column":8},"end":{"line":19,"column":62}},"10":{"start":{"line":22,"column":8},"end":{"line":22,"column":32}},"11":{"start":{"line":23,"column":8},"end":{"line":23,"column":14}},"12":{"start":{"line":27,"column":4},"end":{"line":27,"column":37}},"13":{"start":{"line":28,"column":4},"end":{"line":28,"column":16}},"14":{"start":{"line":32,"column":0},"end":{"line":32,"column":31}}},"fnMap":{"0":{"name":"authentication","decl":{"start":{"line":4,"column":15},"end":{"line":4,"column":29}},"loc":{"start":{"line":4,"column":47},"end":{"line":30,"column":1}},"line":4}},"branchMap":{"0":{"loc":{"start":{"line":9,"column":4},"end":{"line":25,"column":5}},"type":"if","locations":[{"start":{"line":9,"column":4},"end":{"line":25,"column":5}},{"start":{"line":9,"column":4},"end":{"line":25,"column":5}}],"line":9},"1":{"loc":{"start":{"line":18,"column":6},"end":{"line":24,"column":7}},"type":"if","locations":[{"start":{"line":18,"column":6},"end":{"line":24,"column":7}},{"start":{"line":18,"column":6},"end":{"line":24,"column":7}}],"line":18}},"s":{"0":4,"1":4,"2":20,"3":20,"4":20,"5":8,"6":12,"7":12,"8":12,"9":0,"10":12,"11":12,"12":0,"13":0,"14":4},"f":{"0":20},"b":{"0":[8,12],"1":[0,12]},"_coverageSchema":"1a1c01bbd47fc00a2c39e90264f33305004495a9","hash":"47e80df44e230dab7b02c2064356f0e22b12f638"}
,"D:\\sanbercode\\cmder\\hactiv8\\phase3\\final\\sign-io\\middlewares\\errorHandlers.js": {"path":"D:\\sanbercode\\cmder\\hactiv8\\phase3\\final\\sign-io\\middlewares\\errorHandlers.js","statementMap":{"0":{"start":{"line":1,"column":0},"end":{"line":16,"column":1}},"1":{"start":{"line":2,"column":15},"end":{"line":2,"column":32}},"2":{"start":{"line":3,"column":12},"end":{"line":3,"column":46}},"3":{"start":{"line":4,"column":2},"end":{"line":13,"column":3}},"4":{"start":{"line":5,"column":4},"end":{"line":5,"column":17}},"5":{"start":{"line":6,"column":19},"end":{"line":8,"column":6}},"6":{"start":{"line":7,"column":6},"end":{"line":7,"column":22}},"7":{"start":{"line":9,"column":4},"end":{"line":9,"column":29}},"8":{"start":{"line":10,"column":9},"end":{"line":13,"column":3}},"9":{"start":{"line":11,"column":4},"end":{"line":11,"column":16}},"10":{"start":{"line":12,"column":4},"end":{"line":12,"column":40}},"11":{"start":{"line":15,"column":2},"end":{"line":15,"column":34}}},"fnMap":{"0":{"name":"(anonymous_0)","decl":{"start":{"line":1,"column":17},"end":{"line":1,"column":18}},"loc":{"start":{"line":1,"column":42},"end":{"line":16,"column":1}},"line":1},"1":{"name":"(anonymous_1)","decl":{"start":{"line":6,"column":34},"end":{"line":6,"column":35}},"loc":{"start":{"line":6,"column":39},"end":{"line":8,"column":5}},"line":6}},"branchMap":{"0":{"loc":{"start":{"line":2,"column":15},"end":{"line":2,"column":32}},"type":"binary-expr","locations":[{"start":{"line":2,"column":15},"end":{"line":2,"column":25}},{"start":{"line":2,"column":29},"end":{"line":2,"column":32}}],"line":2},"1":{"loc":{"start":{"line":3,"column":12},"end":{"line":3,"column":46}},"type":"binary-expr","locations":[{"start":{"line":3,"column":12},"end":{"line":3,"column":19}},{"start":{"line":3,"column":23},"end":{"line":3,"column":46}}],"line":3},"2":{"loc":{"start":{"line":4,"column":2},"end":{"line":13,"column":3}},"type":"if","locations":[{"start":{"line":4,"column":2},"end":{"line":13,"column":3}},{"start":{"line":4,"column":2},"end":{"line":13,"column":3}}],"line":4},"3":{"loc":{"start":{"line":10,"column":9},"end":{"line":13,"column":3}},"type":"if","locations":[{"start":{"line":10,"column":9},"end":{"line":13,"column":3}},{"start":{"line":10,"column":9},"end":{"line":13,"column":3}}],"line":10}},"s":{"0":4,"1":9,"2":9,"3":9,"4":1,"5":1,"6":3,"7":1,"8":8,"9":0,"10":0,"11":9},"f":{"0":9,"1":3},"b":{"0":[9,7],"1":[9,6],"2":[1,8],"3":[0,8]},"_coverageSchema":"1a1c01bbd47fc00a2c39e90264f33305004495a9","hash":"95d9215bb9b3471f9e4d8d6483e102dbba0bc528"}
,"D:\\sanbercode\\cmder\\hactiv8\\phase3\\final\\sign-io\\models\\friend.js": {"path":"D:\\sanbercode\\cmder\\hactiv8\\phase3\\final\\sign-io\\models\\friend.js","statementMap":{"0":{"start":{"line":4,"column":4},"end":{"line":4,"column":24}},"1":{"start":{"line":5,"column":0},"end":{"line":26,"column":2}},"2":{"start":{"line":14,"column":6},"end":{"line":14,"column":58}},"3":{"start":{"line":15,"column":6},"end":{"line":15,"column":59}},"4":{"start":{"line":18,"column":2},"end":{"line":24,"column":5}},"5":{"start":{"line":25,"column":2},"end":{"line":25,"column":16}}},"fnMap":{"0":{"name":"(anonymous_0)","decl":{"start":{"line":5,"column":17},"end":{"line":5,"column":18}},"loc":{"start":{"line":5,"column":43},"end":{"line":26,"column":1}},"line":5},"1":{"name":"(anonymous_1)","decl":{"start":{"line":12,"column":4},"end":{"line":12,"column":5}},"loc":{"start":{"line":12,"column":29},"end":{"line":16,"column":5}},"line":12}},"branchMap":{},"s":{"0":4,"1":4,"2":4,"3":4,"4":4,"5":4},"f":{"0":4,"1":4},"b":{},"_coverageSchema":"1a1c01bbd47fc00a2c39e90264f33305004495a9","hash":"b6d8bfc23bdbe0744ed28e29c4167952328d1629"}
,"D:\\sanbercode\\cmder\\hactiv8\\phase3\\final\\sign-io\\models\\index.js": {"path":"D:\\sanbercode\\cmder\\hactiv8\\phase3\\final\\sign-io\\models\\index.js","statementMap":{"0":{"start":{"line":3,"column":11},"end":{"line":3,"column":24}},"1":{"start":{"line":4,"column":13},"end":{"line":4,"column":28}},"2":{"start":{"line":5,"column":18},"end":{"line":5,"column":38}},"3":{"start":{"line":6,"column":17},"end":{"line":6,"column":42}},"4":{"start":{"line":7,"column":12},"end":{"line":7,"column":49}},"5":{"start":{"line":8,"column":15},"end":{"line":8,"column":65}},"6":{"start":{"line":9,"column":11},"end":{"line":9,"column":13}},"7":{"start":{"line":12,"column":0},"end":{"line":16,"column":1}},"8":{"start":{"line":13,"column":2},"end":{"line":13,"column":74}},"9":{"start":{"line":15,"column":2},"end":{"line":15,"column":87}},"10":{"start":{"line":18,"column":0},"end":{"line":26,"column":5}},"11":{"start":{"line":21,"column":4},"end":{"line":21,"column":90}},"12":{"start":{"line":24,"column":18},"end":{"line":24,"column":85}},"13":{"start":{"line":25,"column":4},"end":{"line":25,"column":27}},"14":{"start":{"line":28,"column":0},"end":{"line":32,"column":3}},"15":{"start":{"line":29,"column":2},"end":{"line":31,"column":3}},"16":{"start":{"line":30,"column":4},"end":{"line":30,"column":32}},"17":{"start":{"line":34,"column":0},"end":{"line":34,"column":25}},"18":{"start":{"line":35,"column":0},"end":{"line":35,"column":25}},"19":{"start":{"line":37,"column":0},"end":{"line":37,"column":20}}},"fnMap":{"0":{"name":"(anonymous_0)","decl":{"start":{"line":20,"column":10},"end":{"line":20,"column":11}},"loc":{"start":{"line":20,"column":18},"end":{"line":22,"column":3}},"line":20},"1":{"name":"(anonymous_1)","decl":{"start":{"line":23,"column":11},"end":{"line":23,"column":12}},"loc":{"start":{"line":23,"column":19},"end":{"line":26,"column":3}},"line":23},"2":{"name":"(anonymous_2)","decl":{"start":{"line":28,"column":24},"end":{"line":28,"column":25}},"loc":{"start":{"line":28,"column":37},"end":{"line":32,"column":1}},"line":28}},"branchMap":{"0":{"loc":{"start":{"line":7,"column":12},"end":{"line":7,"column":49}},"type":"binary-expr","locations":[{"start":{"line":7,"column":12},"end":{"line":7,"column":32}},{"start":{"line":7,"column":36},"end":{"line":7,"column":49}}],"line":7},"1":{"loc":{"start":{"line":12,"column":0},"end":{"line":16,"column":1}},"type":"if","locations":[{"start":{"line":12,"column":0},"end":{"line":16,"column":1}},{"start":{"line":12,"column":0},"end":{"line":16,"column":1}}],"line":12},"2":{"loc":{"start":{"line":21,"column":11},"end":{"line":21,"column":89}},"type":"binary-expr","locations":[{"start":{"line":21,"column":12},"end":{"line":21,"column":35}},{"start":{"line":21,"column":41},"end":{"line":21,"column":58}},{"start":{"line":21,"column":64},"end":{"line":21,"column":88}}],"line":21},"3":{"loc":{"start":{"line":29,"column":2},"end":{"line":31,"column":3}},"type":"if","locations":[{"start":{"line":29,"column":2},"end":{"line":31,"column":3}},{"start":{"line":29,"column":2},"end":{"line":31,"column":3}}],"line":29}},"s":{"0":4,"1":4,"2":4,"3":4,"4":4,"5":4,"6":4,"7":4,"8":0,"9":4,"10":4,"11":20,"12":16,"13":16,"14":4,"15":16,"16":16,"17":4,"18":4,"19":4},"f":{"0":20,"1":16,"2":16},"b":{"0":[4,0],"1":[0,4],"2":[20,20,16],"3":[16,0]},"_coverageSchema":"1a1c01bbd47fc00a2c39e90264f33305004495a9","hash":"3175ab03bd58f5a5c2fabc0bd2e7aa6c8c4eba16"}
,"D:\\sanbercode\\cmder\\hactiv8\\phase3\\final\\sign-io\\models\\member.js": {"path":"D:\\sanbercode\\cmder\\hactiv8\\phase3\\final\\sign-io\\models\\member.js","statementMap":{"0":{"start":{"line":4,"column":4},"end":{"line":4,"column":24}},"1":{"start":{"line":5,"column":0},"end":{"line":26,"column":2}},"2":{"start":{"line":14,"column":6},"end":{"line":14,"column":35}},"3":{"start":{"line":15,"column":6},"end":{"line":15,"column":35}},"4":{"start":{"line":18,"column":2},"end":{"line":24,"column":5}},"5":{"start":{"line":25,"column":2},"end":{"line":25,"column":16}}},"fnMap":{"0":{"name":"(anonymous_0)","decl":{"start":{"line":5,"column":17},"end":{"line":5,"column":18}},"loc":{"start":{"line":5,"column":43},"end":{"line":26,"column":1}},"line":5},"1":{"name":"(anonymous_1)","decl":{"start":{"line":12,"column":4},"end":{"line":12,"column":5}},"loc":{"start":{"line":12,"column":29},"end":{"line":16,"column":5}},"line":12}},"branchMap":{},"s":{"0":4,"1":4,"2":4,"3":4,"4":4,"5":4},"f":{"0":4,"1":4},"b":{},"_coverageSchema":"1a1c01bbd47fc00a2c39e90264f33305004495a9","hash":"e04041a0912d6d1f0b59397149740b9e17e92603"}
,"D:\\sanbercode\\cmder\\hactiv8\\phase3\\final\\sign-io\\models\\room.js": {"path":"D:\\sanbercode\\cmder\\hactiv8\\phase3\\final\\sign-io\\models\\room.js","statementMap":{"0":{"start":{"line":4,"column":4},"end":{"line":4,"column":24}},"1":{"start":{"line":5,"column":0},"end":{"line":40,"column":2}},"2":{"start":{"line":14,"column":6},"end":{"line":14,"column":33}},"3":{"start":{"line":15,"column":6},"end":{"line":15,"column":33}},"4":{"start":{"line":18,"column":2},"end":{"line":38,"column":5}},"5":{"start":{"line":39,"column":2},"end":{"line":39,"column":14}}},"fnMap":{"0":{"name":"(anonymous_0)","decl":{"start":{"line":5,"column":17},"end":{"line":5,"column":18}},"loc":{"start":{"line":5,"column":43},"end":{"line":40,"column":1}},"line":5},"1":{"name":"(anonymous_1)","decl":{"start":{"line":12,"column":4},"end":{"line":12,"column":5}},"loc":{"start":{"line":12,"column":29},"end":{"line":16,"column":5}},"line":12}},"branchMap":{},"s":{"0":4,"1":4,"2":4,"3":4,"4":4,"5":4},"f":{"0":4,"1":4},"b":{},"_coverageSchema":"1a1c01bbd47fc00a2c39e90264f33305004495a9","hash":"8eced5d29f039c3627b740cdd38b866a96b22a19"}
,"D:\\sanbercode\\cmder\\hactiv8\\phase3\\final\\sign-io\\models\\user.js": {"path":"D:\\sanbercode\\cmder\\hactiv8\\phase3\\final\\sign-io\\models\\user.js","statementMap":{"0":{"start":{"line":4,"column":4},"end":{"line":4,"column":24}},"1":{"start":{"line":5,"column":21},"end":{"line":5,"column":49}},"2":{"start":{"line":6,"column":0},"end":{"line":73,"column":2}},"3":{"start":{"line":15,"column":6},"end":{"line":15,"column":33}},"4":{"start":{"line":16,"column":6},"end":{"line":16,"column":33}},"5":{"start":{"line":19,"column":2},"end":{"line":71,"column":5}},"6":{"start":{"line":68,"column":8},"end":{"line":68,"column":56}},"7":{"start":{"line":72,"column":2},"end":{"line":72,"column":14}}},"fnMap":{"0":{"name":"(anonymous_0)","decl":{"start":{"line":6,"column":17},"end":{"line":6,"column":18}},"loc":{"start":{"line":6,"column":43},"end":{"line":73,"column":1}},"line":6},"1":{"name":"(anonymous_1)","decl":{"start":{"line":13,"column":4},"end":{"line":13,"column":5}},"loc":{"start":{"line":13,"column":29},"end":{"line":17,"column":5}},"line":13},"2":{"name":"(anonymous_2)","decl":{"start":{"line":67,"column":6},"end":{"line":67,"column":7}},"loc":{"start":{"line":67,"column":28},"end":{"line":69,"column":7}},"line":67}},"branchMap":{},"s":{"0":4,"1":4,"2":4,"3":4,"4":4,"5":4,"6":1,"7":4},"f":{"0":4,"1":4,"2":1},"b":{},"_coverageSchema":"1a1c01bbd47fc00a2c39e90264f33305004495a9","hash":"1913b45644164afddf203729f6c6e204e8b0e176"}
,"D:\\sanbercode\\cmder\\hactiv8\\phase3\\final\\sign-io\\routes\\friend.js": {"path":"D:\\sanbercode\\cmder\\hactiv8\\phase3\\final\\sign-io\\routes\\friend.js","statementMap":{"0":{"start":{"line":1,"column":25},"end":{"line":1,"column":64}},"1":{"start":{"line":3,"column":15},"end":{"line":3,"column":42}},"2":{"start":{"line":5,"column":0},"end":{"line":5,"column":42}},"3":{"start":{"line":6,"column":0},"end":{"line":6,"column":45}},"4":{"start":{"line":7,"column":0},"end":{"line":7,"column":53}},"5":{"start":{"line":9,"column":0},"end":{"line":9,"column":24}}},"fnMap":{},"branchMap":{},"s":{"0":4,"1":4,"2":4,"3":4,"4":4,"5":4},"f":{},"b":{},"_coverageSchema":"1a1c01bbd47fc00a2c39e90264f33305004495a9","hash":"0b4dd078d18c171eda2e12efd8effeaefe540594"}
,"D:\\sanbercode\\cmder\\hactiv8\\phase3\\final\\sign-io\\routes\\index.js": {"path":"D:\\sanbercode\\cmder\\hactiv8\\phase3\\final\\sign-io\\routes\\index.js","statementMap":{"0":{"start":{"line":1,"column":15},"end":{"line":1,"column":42}},"1":{"start":{"line":2,"column":18},"end":{"line":2,"column":35}},"2":{"start":{"line":3,"column":18},"end":{"line":3,"column":35}},"3":{"start":{"line":4,"column":20},"end":{"line":4,"column":39}},"4":{"start":{"line":5,"column":20},"end":{"line":5,"column":39}},"5":{"start":{"line":6,"column":23},"end":{"line":6,"column":63}},"6":{"start":{"line":8,"column":0},"end":{"line":8,"column":32}},"7":{"start":{"line":9,"column":0},"end":{"line":9,"column":26}},"8":{"start":{"line":10,"column":0},"end":{"line":10,"column":32}},"9":{"start":{"line":11,"column":0},"end":{"line":11,"column":36}},"10":{"start":{"line":12,"column":0},"end":{"line":12,"column":36}},"11":{"start":{"line":14,"column":0},"end":{"line":14,"column":24}}},"fnMap":{},"branchMap":{},"s":{"0":4,"1":4,"2":4,"3":4,"4":4,"5":4,"6":4,"7":4,"8":4,"9":4,"10":4,"11":4},"f":{},"b":{},"_coverageSchema":"1a1c01bbd47fc00a2c39e90264f33305004495a9","hash":"c10f7f00f20c386c224e37e15103f82fcff7de63"}
,"D:\\sanbercode\\cmder\\hactiv8\\phase3\\final\\sign-io\\routes\\member.js": {"path":"D:\\sanbercode\\cmder\\hactiv8\\phase3\\final\\sign-io\\routes\\member.js","statementMap":{"0":{"start":{"line":1,"column":25},"end":{"line":1,"column":64}},"1":{"start":{"line":3,"column":15},"end":{"line":3,"column":42}},"2":{"start":{"line":5,"column":0},"end":{"line":5,"column":42}},"3":{"start":{"line":6,"column":0},"end":{"line":6,"column":45}},"4":{"start":{"line":7,"column":0},"end":{"line":7,"column":53}},"5":{"start":{"line":9,"column":0},"end":{"line":9,"column":24}}},"fnMap":{},"branchMap":{},"s":{"0":4,"1":4,"2":4,"3":4,"4":4,"5":4},"f":{},"b":{},"_coverageSchema":"1a1c01bbd47fc00a2c39e90264f33305004495a9","hash":"c57f9c0d594a570013ca40df9daf27833190f6c3"}
,"D:\\sanbercode\\cmder\\hactiv8\\phase3\\final\\sign-io\\routes\\room.js": {"path":"D:\\sanbercode\\cmder\\hactiv8\\phase3\\final\\sign-io\\routes\\room.js","statementMap":{"0":{"start":{"line":1,"column":23},"end":{"line":1,"column":60}},"1":{"start":{"line":3,"column":15},"end":{"line":3,"column":42}},"2":{"start":{"line":5,"column":0},"end":{"line":5,"column":40}},"3":{"start":{"line":6,"column":0},"end":{"line":6,"column":41}},"4":{"start":{"line":7,"column":0},"end":{"line":7,"column":49}},"5":{"start":{"line":9,"column":0},"end":{"line":9,"column":24}}},"fnMap":{},"branchMap":{},"s":{"0":4,"1":4,"2":4,"3":4,"4":4,"5":4},"f":{},"b":{},"_coverageSchema":"1a1c01bbd47fc00a2c39e90264f33305004495a9","hash":"a6a78c043e8a1ada5ce2555b001cfb7d6dd69c41"}
,"D:\\sanbercode\\cmder\\hactiv8\\phase3\\final\\sign-io\\routes\\user.js": {"path":"D:\\sanbercode\\cmder\\hactiv8\\phase3\\final\\sign-io\\routes\\user.js","statementMap":{"0":{"start":{"line":1,"column":23},"end":{"line":1,"column":60}},"1":{"start":{"line":21,"column":15},"end":{"line":21,"column":42}},"2":{"start":{"line":23,"column":0},"end":{"line":23,"column":44}},"3":{"start":{"line":24,"column":0},"end":{"line":24,"column":50}},"4":{"start":{"line":25,"column":0},"end":{"line":27,"column":23}},"5":{"start":{"line":29,"column":0},"end":{"line":29,"column":24}}},"fnMap":{},"branchMap":{},"s":{"0":4,"1":4,"2":4,"3":4,"4":4,"5":4},"f":{},"b":{},"_coverageSchema":"1a1c01bbd47fc00a2c39e90264f33305004495a9","hash":"67082b56fd8322b603202abe1e2b5c4af7e110ef"}
}
