{"D:\\sanbercode\\cmder\\hactiv8\\phase3\\final\\sign-io\\app.js": {"path":"D:\\sanbercode\\cmder\\hactiv8\\phase3\\final\\sign-io\\app.js","statementMap":{"0":{"start":{"line":1,"column":0},"end":{"line":3,"column":1}},"1":{"start":{"line":2,"column":2},"end":{"line":2,"column":29}},"2":{"start":{"line":5,"column":21},"end":{"line":5,"column":59}},"3":{"start":{"line":6,"column":16},"end":{"line":6,"column":34}},"4":{"start":{"line":7,"column":12},"end":{"line":7,"column":21}},"5":{"start":{"line":8,"column":13},"end":{"line":8,"column":37}},"6":{"start":{"line":9,"column":15},"end":{"line":9,"column":34}},"7":{"start":{"line":10,"column":13},"end":{"line":10,"column":28}},"8":{"start":{"line":12,"column":13},"end":{"line":12,"column":46}},"9":{"start":{"line":13,"column":11},"end":{"line":13,"column":37}},"10":{"start":{"line":16,"column":0},"end":{"line":16,"column":16}},"11":{"start":{"line":17,"column":0},"end":{"line":17,"column":24}},"12":{"start":{"line":18,"column":0},"end":{"line":18,"column":48}},"13":{"start":{"line":21,"column":0},"end":{"line":40,"column":3}},"14":{"start":{"line":22,"column":2},"end":{"line":22,"column":51}},"15":{"start":{"line":24,"column":2},"end":{"line":26,"column":4}},"16":{"start":{"line":25,"column":4},"end":{"line":25,"column":19}},"17":{"start":{"line":28,"column":2},"end":{"line":30,"column":5}},"18":{"start":{"line":29,"column":4},"end":{"line":29,"column":60}},"19":{"start":{"line":32,"column":2},"end":{"line":34,"column":5}},"20":{"start":{"line":33,"column":4},"end":{"line":33,"column":20}},"21":{"start":{"line":36,"column":2},"end":{"line":39,"column":5}},"22":{"start":{"line":37,"column":4},"end":{"line":37,"column":43}},"23":{"start":{"line":38,"column":4},"end":{"line":38,"column":21}},"24":{"start":{"line":42,"column":0},"end":{"line":42,"column":16}},"25":{"start":{"line":43,"column":0},"end":{"line":43,"column":22}},"26":{"start":{"line":49,"column":0},"end":{"line":49,"column":21}}},"fnMap":{"0":{"name":"(anonymous_0)","decl":{"start":{"line":21,"column":20},"end":{"line":21,"column":21}},"loc":{"start":{"line":21,"column":32},"end":{"line":40,"column":1}},"line":21},"1":{"name":"(anonymous_1)","decl":{"start":{"line":24,"column":20},"end":{"line":24,"column":21}},"loc":{"start":{"line":24,"column":26},"end":{"line":26,"column":3}},"line":24},"2":{"name":"(anonymous_2)","decl":{"start":{"line":28,"column":27},"end":{"line":28,"column":28}},"loc":{"start":{"line":28,"column":63},"end":{"line":30,"column":3}},"line":28},"3":{"name":"(anonymous_3)","decl":{"start":{"line":32,"column":29},"end":{"line":32,"column":30}},"loc":{"start":{"line":32,"column":37},"end":{"line":34,"column":3}},"line":32},"4":{"name":"(anonymous_4)","decl":{"start":{"line":36,"column":26},"end":{"line":36,"column":27}},"loc":{"start":{"line":36,"column":32},"end":{"line":39,"column":3}},"line":36}},"branchMap":{"0":{"loc":{"start":{"line":1,"column":0},"end":{"line":3,"column":1}},"type":"if","locations":[{"start":{"line":1,"column":0},"end":{"line":3,"column":1}},{"start":{"line":1,"column":0},"end":{"line":3,"column":1}}],"line":1},"1":{"loc":{"start":{"line":8,"column":13},"end":{"line":8,"column":37}},"type":"binary-expr","locations":[{"start":{"line":8,"column":13},"end":{"line":8,"column":29}},{"start":{"line":8,"column":33},"end":{"line":8,"column":37}}],"line":8}},"s":{"0":6,"1":0,"2":6,"3":6,"4":6,"5":6,"6":6,"7":6,"8":6,"9":6,"10":6,"11":6,"12":6,"13":6,"14":0,"15":0,"16":0,"17":0,"18":0,"19":0,"20":0,"21":0,"22":0,"23":0,"24":6,"25":6,"26":6},"f":{"0":0,"1":0,"2":0,"3":0,"4":0},"b":{"0":[0,6],"1":[6,6]},"_coverageSchema":"1a1c01bbd47fc00a2c39e90264f33305004495a9","hash":"f81de47ed03caa8e36db5e77491a392b64500ee7"}
,"D:\\sanbercode\\cmder\\hactiv8\\phase3\\final\\sign-io\\controllers\\chatControl.js": {"path":"D:\\sanbercode\\cmder\\hactiv8\\phase3\\final\\sign-io\\controllers\\chatControl.js","statementMap":{"0":{"start":{"line":1,"column":17},"end":{"line":1,"column":37}},"1":{"start":{"line":5,"column":17},"end":{"line":9,"column":5}},"2":{"start":{"line":11,"column":4},"end":{"line":17,"column":8}},"3":{"start":{"line":13,"column":8},"end":{"line":13,"column":34}},"4":{"start":{"line":16,"column":8},"end":{"line":16,"column":20}},"5":{"start":{"line":21,"column":0},"end":{"line":21,"column":31}}},"fnMap":{"0":{"name":"(anonymous_0)","decl":{"start":{"line":4,"column":2},"end":{"line":4,"column":3}},"loc":{"start":{"line":4,"column":29},"end":{"line":18,"column":3}},"line":4},"1":{"name":"(anonymous_1)","decl":{"start":{"line":12,"column":12},"end":{"line":12,"column":13}},"loc":{"start":{"line":12,"column":20},"end":{"line":14,"column":7}},"line":12},"2":{"name":"(anonymous_2)","decl":{"start":{"line":15,"column":13},"end":{"line":15,"column":14}},"loc":{"start":{"line":15,"column":23},"end":{"line":17,"column":7}},"line":15}},"branchMap":{},"s":{"0":6,"1":2,"2":2,"3":1,"4":1,"5":6},"f":{"0":2,"1":1,"2":1},"b":{},"_coverageSchema":"1a1c01bbd47fc00a2c39e90264f33305004495a9","hash":"8e90677d8e09de4d9411fb77ad961c16cf2fc477"}
,"D:\\sanbercode\\cmder\\hactiv8\\phase3\\final\\sign-io\\controllers\\friendControl.js": {"path":"D:\\sanbercode\\cmder\\hactiv8\\phase3\\final\\sign-io\\controllers\\friendControl.js","statementMap":{"0":{"start":{"line":1,"column":19},"end":{"line":1,"column":39}},"1":{"start":{"line":6,"column":4},"end":{"line":12,"column":8}},"2":{"start":{"line":8,"column":8},"end":{"line":8,"column":35}},"3":{"start":{"line":11,"column":8},"end":{"line":11,"column":17}},"4":{"start":{"line":16,"column":20},"end":{"line":16,"column":36}},"5":{"start":{"line":17,"column":16},"end":{"line":20,"column":5}},"6":{"start":{"line":22,"column":4},"end":{"line":28,"column":8}},"7":{"start":{"line":24,"column":8},"end":{"line":24,"column":34}},"8":{"start":{"line":27,"column":8},"end":{"line":27,"column":18}},"9":{"start":{"line":32,"column":21},"end":{"line":32,"column":35}},"10":{"start":{"line":34,"column":4},"end":{"line":42,"column":8}},"11":{"start":{"line":38,"column":8},"end":{"line":38,"column":80}},"12":{"start":{"line":41,"column":8},"end":{"line":41,"column":17}},"13":{"start":{"line":47,"column":0},"end":{"line":47,"column":33}}},"fnMap":{"0":{"name":"(anonymous_0)","decl":{"start":{"line":5,"column":2},"end":{"line":5,"column":3}},"loc":{"start":{"line":5,"column":33},"end":{"line":13,"column":3}},"line":5},"1":{"name":"(anonymous_1)","decl":{"start":{"line":7,"column":12},"end":{"line":7,"column":13}},"loc":{"start":{"line":7,"column":20},"end":{"line":9,"column":7}},"line":7},"2":{"name":"(anonymous_2)","decl":{"start":{"line":10,"column":13},"end":{"line":10,"column":14}},"loc":{"start":{"line":10,"column":20},"end":{"line":12,"column":7}},"line":10},"3":{"name":"(anonymous_3)","decl":{"start":{"line":15,"column":2},"end":{"line":15,"column":3}},"loc":{"start":{"line":15,"column":35},"end":{"line":29,"column":3}},"line":15},"4":{"name":"(anonymous_4)","decl":{"start":{"line":23,"column":12},"end":{"line":23,"column":13}},"loc":{"start":{"line":23,"column":20},"end":{"line":25,"column":7}},"line":23},"5":{"name":"(anonymous_5)","decl":{"start":{"line":26,"column":13},"end":{"line":26,"column":14}},"loc":{"start":{"line":26,"column":20},"end":{"line":28,"column":7}},"line":26},"6":{"name":"(anonymous_6)","decl":{"start":{"line":31,"column":2},"end":{"line":31,"column":3}},"loc":{"start":{"line":31,"column":38},"end":{"line":43,"column":3}},"line":31},"7":{"name":"(anonymous_7)","decl":{"start":{"line":37,"column":12},"end":{"line":37,"column":13}},"loc":{"start":{"line":37,"column":20},"end":{"line":39,"column":7}},"line":37},"8":{"name":"(anonymous_8)","decl":{"start":{"line":40,"column":13},"end":{"line":40,"column":14}},"loc":{"start":{"line":40,"column":20},"end":{"line":42,"column":7}},"line":40}},"branchMap":{},"s":{"0":6,"1":1,"2":0,"3":1,"4":2,"5":2,"6":2,"7":0,"8":2,"9":0,"10":0,"11":0,"12":0,"13":6},"f":{"0":1,"1":0,"2":1,"3":2,"4":0,"5":2,"6":0,"7":0,"8":0},"b":{},"_coverageSchema":"1a1c01bbd47fc00a2c39e90264f33305004495a9","hash":"50a7fbca69e5fa27a3b0c662fbc921c042fb1c2f"}
,"D:\\sanbercode\\cmder\\hactiv8\\phase3\\final\\sign-io\\controllers\\memberControl.js": {"path":"D:\\sanbercode\\cmder\\hactiv8\\phase3\\final\\sign-io\\controllers\\memberControl.js","statementMap":{"0":{"start":{"line":1,"column":19},"end":{"line":1,"column":39}},"1":{"start":{"line":6,"column":4},"end":{"line":15,"column":8}},"2":{"start":{"line":8,"column":8},"end":{"line":10,"column":9}},"3":{"start":{"line":9,"column":10},"end":{"line":9,"column":49}},"4":{"start":{"line":11,"column":8},"end":{"line":11,"column":35}},"5":{"start":{"line":14,"column":8},"end":{"line":14,"column":21}},"6":{"start":{"line":19,"column":16},"end":{"line":22,"column":5}},"7":{"start":{"line":24,"column":4},"end":{"line":30,"column":8}},"8":{"start":{"line":26,"column":8},"end":{"line":26,"column":35}},"9":{"start":{"line":29,"column":8},"end":{"line":29,"column":21}},"10":{"start":{"line":34,"column":21},"end":{"line":34,"column":35}},"11":{"start":{"line":36,"column":4},"end":{"line":44,"column":8}},"12":{"start":{"line":40,"column":8},"end":{"line":40,"column":56}},"13":{"start":{"line":43,"column":8},"end":{"line":43,"column":21}},"14":{"start":{"line":48,"column":0},"end":{"line":48,"column":33}}},"fnMap":{"0":{"name":"(anonymous_0)","decl":{"start":{"line":5,"column":2},"end":{"line":5,"column":3}},"loc":{"start":{"line":5,"column":32},"end":{"line":16,"column":3}},"line":5},"1":{"name":"(anonymous_1)","decl":{"start":{"line":7,"column":12},"end":{"line":7,"column":13}},"loc":{"start":{"line":7,"column":20},"end":{"line":12,"column":7}},"line":7},"2":{"name":"(anonymous_2)","decl":{"start":{"line":13,"column":13},"end":{"line":13,"column":14}},"loc":{"start":{"line":13,"column":23},"end":{"line":15,"column":7}},"line":13},"3":{"name":"(anonymous_3)","decl":{"start":{"line":18,"column":2},"end":{"line":18,"column":3}},"loc":{"start":{"line":18,"column":34},"end":{"line":31,"column":3}},"line":18},"4":{"name":"(anonymous_4)","decl":{"start":{"line":25,"column":12},"end":{"line":25,"column":13}},"loc":{"start":{"line":25,"column":20},"end":{"line":27,"column":7}},"line":25},"5":{"name":"(anonymous_5)","decl":{"start":{"line":28,"column":13},"end":{"line":28,"column":14}},"loc":{"start":{"line":28,"column":23},"end":{"line":30,"column":7}},"line":28},"6":{"name":"(anonymous_6)","decl":{"start":{"line":33,"column":2},"end":{"line":33,"column":3}},"loc":{"start":{"line":33,"column":37},"end":{"line":45,"column":3}},"line":33},"7":{"name":"(anonymous_7)","decl":{"start":{"line":39,"column":12},"end":{"line":39,"column":13}},"loc":{"start":{"line":39,"column":20},"end":{"line":41,"column":7}},"line":39},"8":{"name":"(anonymous_8)","decl":{"start":{"line":42,"column":13},"end":{"line":42,"column":14}},"loc":{"start":{"line":42,"column":23},"end":{"line":44,"column":7}},"line":42}},"branchMap":{"0":{"loc":{"start":{"line":8,"column":8},"end":{"line":10,"column":9}},"type":"if","locations":[{"start":{"line":8,"column":8},"end":{"line":10,"column":9}},{"start":{"line":8,"column":8},"end":{"line":10,"column":9}}],"line":8}},"s":{"0":6,"1":2,"2":2,"3":1,"4":1,"5":1,"6":2,"7":2,"8":1,"9":1,"10":2,"11":2,"12":1,"13":1,"14":6},"f":{"0":2,"1":2,"2":1,"3":2,"4":1,"5":1,"6":2,"7":1,"8":1},"b":{"0":[1,1]},"_coverageSchema":"1a1c01bbd47fc00a2c39e90264f33305004495a9","hash":"bcc9fb81a7e98879d5fe857de8dba32130db8829"}
,"D:\\sanbercode\\cmder\\hactiv8\\phase3\\final\\sign-io\\controllers\\roomControl.js": {"path":"D:\\sanbercode\\cmder\\hactiv8\\phase3\\final\\sign-io\\controllers\\roomControl.js","statementMap":{"0":{"start":{"line":1,"column":37},"end":{"line":1,"column":57}},"1":{"start":{"line":6,"column":4},"end":{"line":23,"column":5}},"2":{"start":{"line":7,"column":21},"end":{"line":12,"column":7}},"3":{"start":{"line":13,"column":24},"end":{"line":13,"column":52}},"4":{"start":{"line":14,"column":20},"end":{"line":16,"column":8}},"5":{"start":{"line":15,"column":8},"end":{"line":15,"column":22}},"6":{"start":{"line":17,"column":6},"end":{"line":19,"column":7}},"7":{"start":{"line":18,"column":8},"end":{"line":18,"column":58}},"8":{"start":{"line":20,"column":6},"end":{"line":20,"column":33}},"9":{"start":{"line":22,"column":6},"end":{"line":22,"column":17}},"10":{"start":{"line":27,"column":4},"end":{"line":53,"column":5}},"11":{"start":{"line":28,"column":21},"end":{"line":28,"column":37}},"12":{"start":{"line":30,"column":19},"end":{"line":30,"column":58}},"13":{"start":{"line":31,"column":18},"end":{"line":35,"column":7}},"14":{"start":{"line":36,"column":22},"end":{"line":36,"column":44}},"15":{"start":{"line":39,"column":25},"end":{"line":42,"column":7}},"16":{"start":{"line":43,"column":24},"end":{"line":43,"column":55}},"17":{"start":{"line":46,"column":6},"end":{"line":50,"column":8}},"18":{"start":{"line":52,"column":6},"end":{"line":52,"column":17}},"19":{"start":{"line":57,"column":19},"end":{"line":57,"column":33}},"20":{"start":{"line":59,"column":4},"end":{"line":67,"column":8}},"21":{"start":{"line":63,"column":8},"end":{"line":63,"column":80}},"22":{"start":{"line":66,"column":8},"end":{"line":66,"column":17}},"23":{"start":{"line":71,"column":19},"end":{"line":71,"column":33}},"24":{"start":{"line":72,"column":19},"end":{"line":83,"column":5}},"25":{"start":{"line":84,"column":4},"end":{"line":102,"column":8}},"26":{"start":{"line":86,"column":24},"end":{"line":88,"column":10}},"27":{"start":{"line":87,"column":10},"end":{"line":87,"column":28}},"28":{"start":{"line":89,"column":25},"end":{"line":94,"column":9}},"29":{"start":{"line":95,"column":8},"end":{"line":97,"column":9}},"30":{"start":{"line":96,"column":10},"end":{"line":96,"column":60}},"31":{"start":{"line":98,"column":8},"end":{"line":98,"column":38}},"32":{"start":{"line":101,"column":8},"end":{"line":101,"column":17}},"33":{"start":{"line":106,"column":0},"end":{"line":106,"column":31}}},"fnMap":{"0":{"name":"(anonymous_0)","decl":{"start":{"line":5,"column":2},"end":{"line":5,"column":3}},"loc":{"start":{"line":5,"column":38},"end":{"line":24,"column":3}},"line":5},"1":{"name":"(anonymous_1)","decl":{"start":{"line":14,"column":34},"end":{"line":14,"column":35}},"loc":{"start":{"line":14,"column":40},"end":{"line":16,"column":7}},"line":14},"2":{"name":"(anonymous_2)","decl":{"start":{"line":26,"column":2},"end":{"line":26,"column":3}},"loc":{"start":{"line":26,"column":38},"end":{"line":54,"column":3}},"line":26},"3":{"name":"(anonymous_3)","decl":{"start":{"line":56,"column":2},"end":{"line":56,"column":3}},"loc":{"start":{"line":56,"column":36},"end":{"line":68,"column":3}},"line":56},"4":{"name":"(anonymous_4)","decl":{"start":{"line":62,"column":12},"end":{"line":62,"column":13}},"loc":{"start":{"line":62,"column":20},"end":{"line":64,"column":7}},"line":62},"5":{"name":"(anonymous_5)","decl":{"start":{"line":65,"column":13},"end":{"line":65,"column":14}},"loc":{"start":{"line":65,"column":20},"end":{"line":67,"column":7}},"line":65},"6":{"name":"(anonymous_6)","decl":{"start":{"line":70,"column":2},"end":{"line":70,"column":3}},"loc":{"start":{"line":70,"column":33},"end":{"line":103,"column":3}},"line":70},"7":{"name":"(anonymous_7)","decl":{"start":{"line":85,"column":12},"end":{"line":85,"column":13}},"loc":{"start":{"line":85,"column":20},"end":{"line":99,"column":7}},"line":85},"8":{"name":"(anonymous_8)","decl":{"start":{"line":86,"column":41},"end":{"line":86,"column":42}},"loc":{"start":{"line":86,"column":51},"end":{"line":88,"column":9}},"line":86},"9":{"name":"(anonymous_9)","decl":{"start":{"line":100,"column":13},"end":{"line":100,"column":14}},"loc":{"start":{"line":100,"column":20},"end":{"line":102,"column":7}},"line":100}},"branchMap":{"0":{"loc":{"start":{"line":17,"column":6},"end":{"line":19,"column":7}},"type":"if","locations":[{"start":{"line":17,"column":6},"end":{"line":19,"column":7}},{"start":{"line":17,"column":6},"end":{"line":19,"column":7}}],"line":17},"1":{"loc":{"start":{"line":95,"column":8},"end":{"line":97,"column":9}},"type":"if","locations":[{"start":{"line":95,"column":8},"end":{"line":97,"column":9}},{"start":{"line":95,"column":8},"end":{"line":97,"column":9}}],"line":95}},"s":{"0":6,"1":2,"2":2,"3":2,"4":2,"5":6,"6":2,"7":1,"8":1,"9":1,"10":5,"11":5,"12":5,"13":5,"14":5,"15":4,"16":4,"17":4,"18":1,"19":2,"20":2,"21":1,"22":1,"23":2,"24":2,"25":2,"26":2,"27":2,"28":2,"29":2,"30":1,"31":1,"32":1,"33":6},"f":{"0":2,"1":6,"2":5,"3":2,"4":1,"5":1,"6":2,"7":2,"8":2,"9":1},"b":{"0":[1,1],"1":[1,1]},"_coverageSchema":"1a1c01bbd47fc00a2c39e90264f33305004495a9","hash":"d43ae958d3fcb9ea14c6fb2b013977f3c9cfbb89"}
,"D:\\sanbercode\\cmder\\hactiv8\\phase3\\final\\sign-io\\controllers\\userControl.js": {"path":"D:\\sanbercode\\cmder\\hactiv8\\phase3\\final\\sign-io\\controllers\\userControl.js","statementMap":{"0":{"start":{"line":1,"column":24},"end":{"line":1,"column":52}},"1":{"start":{"line":2,"column":22},"end":{"line":2,"column":47}},"2":{"start":{"line":3,"column":17},"end":{"line":3,"column":37}},"3":{"start":{"line":8,"column":16},"end":{"line":13,"column":5}},"4":{"start":{"line":15,"column":4},"end":{"line":24,"column":8}},"5":{"start":{"line":17,"column":8},"end":{"line":20,"column":11}},"6":{"start":{"line":23,"column":8},"end":{"line":23,"column":21}},"7":{"start":{"line":28,"column":20},"end":{"line":31,"column":5}},"8":{"start":{"line":33,"column":4},"end":{"line":60,"column":5}},"9":{"start":{"line":34,"column":6},"end":{"line":34,"column":60}},"10":{"start":{"line":36,"column":6},"end":{"line":59,"column":10}},"11":{"start":{"line":40,"column":10},"end":{"line":55,"column":11}},"12":{"start":{"line":41,"column":12},"end":{"line":41,"column":65}},"13":{"start":{"line":42,"column":17},"end":{"line":55,"column":11}},"14":{"start":{"line":43,"column":12},"end":{"line":43,"column":63}},"15":{"start":{"line":45,"column":33},"end":{"line":48,"column":14}},"16":{"start":{"line":49,"column":12},"end":{"line":54,"column":15}},"17":{"start":{"line":58,"column":10},"end":{"line":58,"column":22}},"18":{"start":{"line":62,"column":4},"end":{"line":80,"column":8}},"19":{"start":{"line":66,"column":8},"end":{"line":76,"column":9}},"20":{"start":{"line":67,"column":10},"end":{"line":67,"column":60}},"21":{"start":{"line":68,"column":15},"end":{"line":76,"column":9}},"22":{"start":{"line":69,"column":10},"end":{"line":69,"column":60}},"23":{"start":{"line":71,"column":31},"end":{"line":74,"column":12}},"24":{"start":{"line":75,"column":10},"end":{"line":75,"column":88}},"25":{"start":{"line":79,"column":8},"end":{"line":79,"column":17}},"26":{"start":{"line":84,"column":19},"end":{"line":84,"column":32}},"27":{"start":{"line":86,"column":16},"end":{"line":89,"column":5}},"28":{"start":{"line":91,"column":4},"end":{"line":97,"column":8}},"29":{"start":{"line":93,"column":8},"end":{"line":93,"column":34}},"30":{"start":{"line":96,"column":8},"end":{"line":96,"column":17}},"31":{"start":{"line":101,"column":0},"end":{"line":101,"column":31}}},"fnMap":{"0":{"name":"(anonymous_0)","decl":{"start":{"line":7,"column":2},"end":{"line":7,"column":3}},"loc":{"start":{"line":7,"column":33},"end":{"line":25,"column":3}},"line":7},"1":{"name":"(anonymous_1)","decl":{"start":{"line":16,"column":12},"end":{"line":16,"column":13}},"loc":{"start":{"line":16,"column":20},"end":{"line":21,"column":7}},"line":16},"2":{"name":"(anonymous_2)","decl":{"start":{"line":22,"column":13},"end":{"line":22,"column":14}},"loc":{"start":{"line":22,"column":23},"end":{"line":24,"column":7}},"line":22},"3":{"name":"(anonymous_3)","decl":{"start":{"line":27,"column":2},"end":{"line":27,"column":3}},"loc":{"start":{"line":27,"column":30},"end":{"line":81,"column":3}},"line":27},"4":{"name":"(anonymous_4)","decl":{"start":{"line":39,"column":14},"end":{"line":39,"column":15}},"loc":{"start":{"line":39,"column":22},"end":{"line":56,"column":9}},"line":39},"5":{"name":"(anonymous_5)","decl":{"start":{"line":57,"column":15},"end":{"line":57,"column":16}},"loc":{"start":{"line":57,"column":25},"end":{"line":59,"column":9}},"line":57},"6":{"name":"(anonymous_6)","decl":{"start":{"line":65,"column":12},"end":{"line":65,"column":13}},"loc":{"start":{"line":65,"column":20},"end":{"line":77,"column":7}},"line":65},"7":{"name":"(anonymous_7)","decl":{"start":{"line":78,"column":13},"end":{"line":78,"column":14}},"loc":{"start":{"line":78,"column":20},"end":{"line":80,"column":7}},"line":78},"8":{"name":"(anonymous_8)","decl":{"start":{"line":83,"column":2},"end":{"line":83,"column":3}},"loc":{"start":{"line":83,"column":31},"end":{"line":98,"column":3}},"line":83},"9":{"name":"(anonymous_9)","decl":{"start":{"line":92,"column":12},"end":{"line":92,"column":13}},"loc":{"start":{"line":92,"column":20},"end":{"line":94,"column":7}},"line":92},"10":{"name":"(anonymous_10)","decl":{"start":{"line":95,"column":13},"end":{"line":95,"column":14}},"loc":{"start":{"line":95,"column":20},"end":{"line":97,"column":7}},"line":95}},"branchMap":{"0":{"loc":{"start":{"line":33,"column":4},"end":{"line":60,"column":5}},"type":"if","locations":[{"start":{"line":33,"column":4},"end":{"line":60,"column":5}},{"start":{"line":33,"column":4},"end":{"line":60,"column":5}}],"line":33},"1":{"loc":{"start":{"line":33,"column":7},"end":{"line":33,"column":42}},"type":"binary-expr","locations":[{"start":{"line":33,"column":7},"end":{"line":33,"column":21}},{"start":{"line":33,"column":25},"end":{"line":33,"column":42}}],"line":33},"2":{"loc":{"start":{"line":40,"column":10},"end":{"line":55,"column":11}},"type":"if","locations":[{"start":{"line":40,"column":10},"end":{"line":55,"column":11}},{"start":{"line":40,"column":10},"end":{"line":55,"column":11}}],"line":40},"3":{"loc":{"start":{"line":42,"column":17},"end":{"line":55,"column":11}},"type":"if","locations":[{"start":{"line":42,"column":17},"end":{"line":55,"column":11}},{"start":{"line":42,"column":17},"end":{"line":55,"column":11}}],"line":42},"4":{"loc":{"start":{"line":66,"column":8},"end":{"line":76,"column":9}},"type":"if","locations":[{"start":{"line":66,"column":8},"end":{"line":76,"column":9}},{"start":{"line":66,"column":8},"end":{"line":76,"column":9}}],"line":66},"5":{"loc":{"start":{"line":68,"column":15},"end":{"line":76,"column":9}},"type":"if","locations":[{"start":{"line":68,"column":15},"end":{"line":76,"column":9}},{"start":{"line":68,"column":15},"end":{"line":76,"column":9}}],"line":68}},"s":{"0":6,"1":6,"2":6,"3":2,"4":2,"5":1,"6":1,"7":8,"8":8,"9":1,"10":7,"11":7,"12":1,"13":6,"14":1,"15":5,"16":5,"17":1,"18":8,"19":8,"20":2,"21":6,"22":1,"23":5,"24":5,"25":8,"26":2,"27":2,"28":2,"29":1,"30":1,"31":6},"f":{"0":2,"1":1,"2":1,"3":8,"4":7,"5":1,"6":8,"7":8,"8":2,"9":1,"10":1},"b":{"0":[1,7],"1":[8,1],"2":[1,6],"3":[1,5],"4":[2,6],"5":[1,5]},"_coverageSchema":"1a1c01bbd47fc00a2c39e90264f33305004495a9","hash":"a318de4641d7567b996d9ab8cfa07b6cf910d9a6"}
,"D:\\sanbercode\\cmder\\hactiv8\\phase3\\final\\sign-io\\helpers\\bcrypt.js": {"path":"D:\\sanbercode\\cmder\\hactiv8\\phase3\\final\\sign-io\\helpers\\bcrypt.js","statementMap":{"0":{"start":{"line":1,"column":15},"end":{"line":1,"column":34}},"1":{"start":{"line":4,"column":15},"end":{"line":4,"column":36}},"2":{"start":{"line":5,"column":15},"end":{"line":5,"column":42}},"3":{"start":{"line":7,"column":2},"end":{"line":7,"column":14}},"4":{"start":{"line":11,"column":2},"end":{"line":11,"column":40}},"5":{"start":{"line":14,"column":0},"end":{"line":17,"column":1}}},"fnMap":{"0":{"name":"hashPass","decl":{"start":{"line":3,"column":9},"end":{"line":3,"column":17}},"loc":{"start":{"line":3,"column":24},"end":{"line":8,"column":1}},"line":3},"1":{"name":"comparePass","decl":{"start":{"line":10,"column":9},"end":{"line":10,"column":20}},"loc":{"start":{"line":10,"column":33},"end":{"line":12,"column":1}},"line":10}},"branchMap":{},"s":{"0":6,"1":1,"2":1,"3":1,"4":12,"5":6},"f":{"0":1,"1":12},"b":{},"_coverageSchema":"1a1c01bbd47fc00a2c39e90264f33305004495a9","hash":"6b8ce4ad29a4b3d3e8bb221a0cf4bdd0d01d208e"}
,"D:\\sanbercode\\cmder\\hactiv8\\phase3\\final\\sign-io\\helpers\\jwt.js": {"path":"D:\\sanbercode\\cmder\\hactiv8\\phase3\\final\\sign-io\\helpers\\jwt.js","statementMap":{"0":{"start":{"line":1,"column":12},"end":{"line":1,"column":35}},"1":{"start":{"line":2,"column":0},"end":{"line":2,"column":27}},"2":{"start":{"line":5,"column":16},"end":{"line":5,"column":50}},"3":{"start":{"line":6,"column":2},"end":{"line":6,"column":15}},"4":{"start":{"line":10,"column":18},"end":{"line":10,"column":52}},"5":{"start":{"line":11,"column":2},"end":{"line":11,"column":17}},"6":{"start":{"line":14,"column":0},"end":{"line":17,"column":1}}},"fnMap":{"0":{"name":"signToken","decl":{"start":{"line":4,"column":9},"end":{"line":4,"column":18}},"loc":{"start":{"line":4,"column":28},"end":{"line":7,"column":1}},"line":4},"1":{"name":"verifyToken","decl":{"start":{"line":9,"column":9},"end":{"line":9,"column":20}},"loc":{"start":{"line":9,"column":28},"end":{"line":12,"column":1}},"line":9}},"branchMap":{},"s":{"0":6,"1":6,"2":10,"3":10,"4":24,"5":24,"6":6},"f":{"0":10,"1":24},"b":{},"_coverageSchema":"1a1c01bbd47fc00a2c39e90264f33305004495a9","hash":"375520caa60bd9e73e8cb7969bdbe4647e98c6ee"}
,"D:\\sanbercode\\cmder\\hactiv8\\phase3\\final\\sign-io\\middlewares\\authentication.js": {"path":"D:\\sanbercode\\cmder\\hactiv8\\phase3\\final\\sign-io\\middlewares\\authentication.js","statementMap":{"0":{"start":{"line":1,"column":24},"end":{"line":1,"column":49}},"1":{"start":{"line":2,"column":17},"end":{"line":2,"column":37}},"2":{"start":{"line":5,"column":27},"end":{"line":5,"column":38}},"3":{"start":{"line":8,"column":2},"end":{"line":27,"column":3}},"4":{"start":{"line":9,"column":4},"end":{"line":24,"column":5}},"5":{"start":{"line":10,"column":6},"end":{"line":10,"column":60}},"6":{"start":{"line":13,"column":22},"end":{"line":13,"column":47}},"7":{"start":{"line":14,"column":19},"end":{"line":16,"column":8}},"8":{"start":{"line":18,"column":6},"end":{"line":23,"column":7}},"9":{"start":{"line":19,"column":8},"end":{"line":19,"column":61}},"10":{"start":{"line":21,"column":8},"end":{"line":21,"column":32}},"11":{"start":{"line":22,"column":8},"end":{"line":22,"column":14}},"12":{"start":{"line":26,"column":4},"end":{"line":26,"column":16}},"13":{"start":{"line":30,"column":0},"end":{"line":30,"column":31}}},"fnMap":{"0":{"name":"authentication","decl":{"start":{"line":4,"column":15},"end":{"line":4,"column":29}},"loc":{"start":{"line":4,"column":47},"end":{"line":28,"column":1}},"line":4}},"branchMap":{"0":{"loc":{"start":{"line":9,"column":4},"end":{"line":24,"column":5}},"type":"if","locations":[{"start":{"line":9,"column":4},"end":{"line":24,"column":5}},{"start":{"line":9,"column":4},"end":{"line":24,"column":5}}],"line":9},"1":{"loc":{"start":{"line":18,"column":6},"end":{"line":23,"column":7}},"type":"if","locations":[{"start":{"line":18,"column":6},"end":{"line":23,"column":7}},{"start":{"line":18,"column":6},"end":{"line":23,"column":7}}],"line":18}},"s":{"0":6,"1":6,"2":34,"3":34,"4":34,"5":10,"6":24,"7":24,"8":24,"9":2,"10":22,"11":22,"12":2,"13":6},"f":{"0":34},"b":{"0":[10,24],"1":[2,22]},"_coverageSchema":"1a1c01bbd47fc00a2c39e90264f33305004495a9","hash":"a2fbf07fcc009aae3499f975a3568a8ca047c97d"}
,"D:\\sanbercode\\cmder\\hactiv8\\phase3\\final\\sign-io\\middlewares\\errorHandlers.js": {"path":"D:\\sanbercode\\cmder\\hactiv8\\phase3\\final\\sign-io\\middlewares\\errorHandlers.js","statementMap":{"0":{"start":{"line":1,"column":0},"end":{"line":13,"column":1}},"1":{"start":{"line":2,"column":15},"end":{"line":2,"column":32}},"2":{"start":{"line":3,"column":12},"end":{"line":3,"column":46}},"3":{"start":{"line":4,"column":2},"end":{"line":10,"column":3}},"4":{"start":{"line":5,"column":4},"end":{"line":5,"column":17}},"5":{"start":{"line":6,"column":19},"end":{"line":8,"column":6}},"6":{"start":{"line":7,"column":6},"end":{"line":7,"column":22}},"7":{"start":{"line":9,"column":4},"end":{"line":9,"column":29}},"8":{"start":{"line":12,"column":2},"end":{"line":12,"column":34}}},"fnMap":{"0":{"name":"(anonymous_0)","decl":{"start":{"line":1,"column":17},"end":{"line":1,"column":18}},"loc":{"start":{"line":1,"column":42},"end":{"line":13,"column":1}},"line":1},"1":{"name":"(anonymous_1)","decl":{"start":{"line":6,"column":34},"end":{"line":6,"column":35}},"loc":{"start":{"line":6,"column":39},"end":{"line":8,"column":5}},"line":6}},"branchMap":{"0":{"loc":{"start":{"line":2,"column":15},"end":{"line":2,"column":32}},"type":"binary-expr","locations":[{"start":{"line":2,"column":15},"end":{"line":2,"column":25}},{"start":{"line":2,"column":29},"end":{"line":2,"column":32}}],"line":2},"1":{"loc":{"start":{"line":3,"column":12},"end":{"line":3,"column":46}},"type":"binary-expr","locations":[{"start":{"line":3,"column":12},"end":{"line":3,"column":19}},{"start":{"line":3,"column":23},"end":{"line":3,"column":46}}],"line":3},"2":{"loc":{"start":{"line":4,"column":2},"end":{"line":10,"column":3}},"type":"if","locations":[{"start":{"line":4,"column":2},"end":{"line":10,"column":3}},{"start":{"line":4,"column":2},"end":{"line":10,"column":3}}],"line":4}},"s":{"0":6,"1":23,"2":23,"3":23,"4":3,"5":3,"6":5,"7":3,"8":23},"f":{"0":23,"1":5},"b":{"0":[23,15],"1":[23,15],"2":[3,20]},"_coverageSchema":"1a1c01bbd47fc00a2c39e90264f33305004495a9","hash":"6873a07a787c095bde68717fd018dc409b4731c3"}
,"D:\\sanbercode\\cmder\\hactiv8\\phase3\\final\\sign-io\\models\\chat.js": {"path":"D:\\sanbercode\\cmder\\hactiv8\\phase3\\final\\sign-io\\models\\chat.js","statementMap":{"0":{"start":{"line":4,"column":4},"end":{"line":4,"column":24}},"1":{"start":{"line":5,"column":0},"end":{"line":26,"column":2}},"2":{"start":{"line":13,"column":6},"end":{"line":13,"column":33}},"3":{"start":{"line":14,"column":6},"end":{"line":14,"column":33}},"4":{"start":{"line":17,"column":2},"end":{"line":24,"column":5}},"5":{"start":{"line":25,"column":2},"end":{"line":25,"column":14}}},"fnMap":{"0":{"name":"(anonymous_0)","decl":{"start":{"line":5,"column":17},"end":{"line":5,"column":18}},"loc":{"start":{"line":5,"column":43},"end":{"line":26,"column":1}},"line":5},"1":{"name":"(anonymous_1)","decl":{"start":{"line":12,"column":4},"end":{"line":12,"column":5}},"loc":{"start":{"line":12,"column":29},"end":{"line":15,"column":5}},"line":12}},"branchMap":{},"s":{"0":6,"1":6,"2":6,"3":6,"4":6,"5":6},"f":{"0":6,"1":6},"b":{},"_coverageSchema":"1a1c01bbd47fc00a2c39e90264f33305004495a9","hash":"e7f41ee33362c9a46da8753cfc53b58937a16a04"}
,"D:\\sanbercode\\cmder\\hactiv8\\phase3\\final\\sign-io\\models\\friend.js": {"path":"D:\\sanbercode\\cmder\\hactiv8\\phase3\\final\\sign-io\\models\\friend.js","statementMap":{"0":{"start":{"line":4,"column":4},"end":{"line":4,"column":24}},"1":{"start":{"line":5,"column":0},"end":{"line":26,"column":2}},"2":{"start":{"line":14,"column":6},"end":{"line":14,"column":58}},"3":{"start":{"line":15,"column":6},"end":{"line":15,"column":59}},"4":{"start":{"line":18,"column":2},"end":{"line":24,"column":5}},"5":{"start":{"line":25,"column":2},"end":{"line":25,"column":16}}},"fnMap":{"0":{"name":"(anonymous_0)","decl":{"start":{"line":5,"column":17},"end":{"line":5,"column":18}},"loc":{"start":{"line":5,"column":43},"end":{"line":26,"column":1}},"line":5},"1":{"name":"(anonymous_1)","decl":{"start":{"line":12,"column":4},"end":{"line":12,"column":5}},"loc":{"start":{"line":12,"column":29},"end":{"line":16,"column":5}},"line":12}},"branchMap":{},"s":{"0":6,"1":6,"2":6,"3":6,"4":6,"5":6},"f":{"0":6,"1":6},"b":{},"_coverageSchema":"1a1c01bbd47fc00a2c39e90264f33305004495a9","hash":"b6d8bfc23bdbe0744ed28e29c4167952328d1629"}
,"D:\\sanbercode\\cmder\\hactiv8\\phase3\\final\\sign-io\\models\\index.js": {"path":"D:\\sanbercode\\cmder\\hactiv8\\phase3\\final\\sign-io\\models\\index.js","statementMap":{"0":{"start":{"line":3,"column":11},"end":{"line":3,"column":24}},"1":{"start":{"line":4,"column":13},"end":{"line":4,"column":28}},"2":{"start":{"line":5,"column":18},"end":{"line":5,"column":38}},"3":{"start":{"line":6,"column":17},"end":{"line":6,"column":42}},"4":{"start":{"line":7,"column":12},"end":{"line":7,"column":49}},"5":{"start":{"line":8,"column":15},"end":{"line":8,"column":65}},"6":{"start":{"line":9,"column":11},"end":{"line":9,"column":13}},"7":{"start":{"line":12,"column":0},"end":{"line":16,"column":1}},"8":{"start":{"line":13,"column":2},"end":{"line":13,"column":74}},"9":{"start":{"line":15,"column":2},"end":{"line":15,"column":87}},"10":{"start":{"line":18,"column":0},"end":{"line":26,"column":5}},"11":{"start":{"line":21,"column":4},"end":{"line":21,"column":90}},"12":{"start":{"line":24,"column":18},"end":{"line":24,"column":85}},"13":{"start":{"line":25,"column":4},"end":{"line":25,"column":27}},"14":{"start":{"line":28,"column":0},"end":{"line":32,"column":3}},"15":{"start":{"line":29,"column":2},"end":{"line":31,"column":3}},"16":{"start":{"line":30,"column":4},"end":{"line":30,"column":32}},"17":{"start":{"line":34,"column":0},"end":{"line":34,"column":25}},"18":{"start":{"line":35,"column":0},"end":{"line":35,"column":25}},"19":{"start":{"line":37,"column":0},"end":{"line":37,"column":20}}},"fnMap":{"0":{"name":"(anonymous_0)","decl":{"start":{"line":20,"column":10},"end":{"line":20,"column":11}},"loc":{"start":{"line":20,"column":18},"end":{"line":22,"column":3}},"line":20},"1":{"name":"(anonymous_1)","decl":{"start":{"line":23,"column":11},"end":{"line":23,"column":12}},"loc":{"start":{"line":23,"column":19},"end":{"line":26,"column":3}},"line":23},"2":{"name":"(anonymous_2)","decl":{"start":{"line":28,"column":24},"end":{"line":28,"column":25}},"loc":{"start":{"line":28,"column":37},"end":{"line":32,"column":1}},"line":28}},"branchMap":{"0":{"loc":{"start":{"line":7,"column":12},"end":{"line":7,"column":49}},"type":"binary-expr","locations":[{"start":{"line":7,"column":12},"end":{"line":7,"column":32}},{"start":{"line":7,"column":36},"end":{"line":7,"column":49}}],"line":7},"1":{"loc":{"start":{"line":12,"column":0},"end":{"line":16,"column":1}},"type":"if","locations":[{"start":{"line":12,"column":0},"end":{"line":16,"column":1}},{"start":{"line":12,"column":0},"end":{"line":16,"column":1}}],"line":12},"2":{"loc":{"start":{"line":21,"column":11},"end":{"line":21,"column":89}},"type":"binary-expr","locations":[{"start":{"line":21,"column":12},"end":{"line":21,"column":35}},{"start":{"line":21,"column":41},"end":{"line":21,"column":58}},{"start":{"line":21,"column":64},"end":{"line":21,"column":88}}],"line":21},"3":{"loc":{"start":{"line":29,"column":2},"end":{"line":31,"column":3}},"type":"if","locations":[{"start":{"line":29,"column":2},"end":{"line":31,"column":3}},{"start":{"line":29,"column":2},"end":{"line":31,"column":3}}],"line":29}},"s":{"0":6,"1":6,"2":6,"3":6,"4":6,"5":6,"6":6,"7":6,"8":0,"9":6,"10":6,"11":36,"12":30,"13":30,"14":6,"15":30,"16":30,"17":6,"18":6,"19":6},"f":{"0":36,"1":30,"2":30},"b":{"0":[6,0],"1":[0,6],"2":[36,36,30],"3":[30,0]},"_coverageSchema":"1a1c01bbd47fc00a2c39e90264f33305004495a9","hash":"3175ab03bd58f5a5c2fabc0bd2e7aa6c8c4eba16"}
,"D:\\sanbercode\\cmder\\hactiv8\\phase3\\final\\sign-io\\models\\member.js": {"path":"D:\\sanbercode\\cmder\\hactiv8\\phase3\\final\\sign-io\\models\\member.js","statementMap":{"0":{"start":{"line":4,"column":4},"end":{"line":4,"column":24}},"1":{"start":{"line":5,"column":0},"end":{"line":26,"column":2}},"2":{"start":{"line":14,"column":6},"end":{"line":14,"column":35}},"3":{"start":{"line":15,"column":6},"end":{"line":15,"column":35}},"4":{"start":{"line":18,"column":2},"end":{"line":24,"column":5}},"5":{"start":{"line":25,"column":2},"end":{"line":25,"column":16}}},"fnMap":{"0":{"name":"(anonymous_0)","decl":{"start":{"line":5,"column":17},"end":{"line":5,"column":18}},"loc":{"start":{"line":5,"column":43},"end":{"line":26,"column":1}},"line":5},"1":{"name":"(anonymous_1)","decl":{"start":{"line":12,"column":4},"end":{"line":12,"column":5}},"loc":{"start":{"line":12,"column":29},"end":{"line":16,"column":5}},"line":12}},"branchMap":{},"s":{"0":6,"1":6,"2":6,"3":6,"4":6,"5":6},"f":{"0":6,"1":6},"b":{},"_coverageSchema":"1a1c01bbd47fc00a2c39e90264f33305004495a9","hash":"e04041a0912d6d1f0b59397149740b9e17e92603"}
,"D:\\sanbercode\\cmder\\hactiv8\\phase3\\final\\sign-io\\models\\room.js": {"path":"D:\\sanbercode\\cmder\\hactiv8\\phase3\\final\\sign-io\\models\\room.js","statementMap":{"0":{"start":{"line":4,"column":4},"end":{"line":4,"column":24}},"1":{"start":{"line":5,"column":0},"end":{"line":42,"column":2}},"2":{"start":{"line":14,"column":6},"end":{"line":14,"column":33}},"3":{"start":{"line":15,"column":6},"end":{"line":15,"column":33}},"4":{"start":{"line":16,"column":6},"end":{"line":16,"column":31}},"5":{"start":{"line":19,"column":2},"end":{"line":40,"column":5}},"6":{"start":{"line":41,"column":2},"end":{"line":41,"column":14}}},"fnMap":{"0":{"name":"(anonymous_0)","decl":{"start":{"line":5,"column":17},"end":{"line":5,"column":18}},"loc":{"start":{"line":5,"column":43},"end":{"line":42,"column":1}},"line":5},"1":{"name":"(anonymous_1)","decl":{"start":{"line":12,"column":4},"end":{"line":12,"column":5}},"loc":{"start":{"line":12,"column":29},"end":{"line":17,"column":5}},"line":12}},"branchMap":{},"s":{"0":6,"1":6,"2":6,"3":6,"4":6,"5":6,"6":6},"f":{"0":6,"1":6},"b":{},"_coverageSchema":"1a1c01bbd47fc00a2c39e90264f33305004495a9","hash":"baa434c91cee76a8e9472fa100153674f62c1242"}
,"D:\\sanbercode\\cmder\\hactiv8\\phase3\\final\\sign-io\\models\\user.js": {"path":"D:\\sanbercode\\cmder\\hactiv8\\phase3\\final\\sign-io\\models\\user.js","statementMap":{"0":{"start":{"line":4,"column":4},"end":{"line":4,"column":24}},"1":{"start":{"line":5,"column":21},"end":{"line":5,"column":49}},"2":{"start":{"line":6,"column":0},"end":{"line":75,"column":2}},"3":{"start":{"line":15,"column":6},"end":{"line":15,"column":33}},"4":{"start":{"line":16,"column":6},"end":{"line":16,"column":33}},"5":{"start":{"line":17,"column":6},"end":{"line":17,"column":31}},"6":{"start":{"line":20,"column":2},"end":{"line":73,"column":5}},"7":{"start":{"line":70,"column":8},"end":{"line":70,"column":56}},"8":{"start":{"line":74,"column":2},"end":{"line":74,"column":14}}},"fnMap":{"0":{"name":"(anonymous_0)","decl":{"start":{"line":6,"column":17},"end":{"line":6,"column":18}},"loc":{"start":{"line":6,"column":43},"end":{"line":75,"column":1}},"line":6},"1":{"name":"(anonymous_1)","decl":{"start":{"line":13,"column":4},"end":{"line":13,"column":5}},"loc":{"start":{"line":13,"column":29},"end":{"line":18,"column":5}},"line":13},"2":{"name":"(anonymous_2)","decl":{"start":{"line":69,"column":6},"end":{"line":69,"column":7}},"loc":{"start":{"line":69,"column":28},"end":{"line":71,"column":7}},"line":69}},"branchMap":{},"s":{"0":6,"1":6,"2":6,"3":6,"4":6,"5":6,"6":6,"7":1,"8":6},"f":{"0":6,"1":6,"2":1},"b":{},"_coverageSchema":"1a1c01bbd47fc00a2c39e90264f33305004495a9","hash":"37d7e557e637515ee3fdb8a7393d690d91fa3362"}
,"D:\\sanbercode\\cmder\\hactiv8\\phase3\\final\\sign-io\\routes\\chat.js": {"path":"D:\\sanbercode\\cmder\\hactiv8\\phase3\\final\\sign-io\\routes\\chat.js","statementMap":{"0":{"start":{"line":1,"column":15},"end":{"line":1,"column":42}},"1":{"start":{"line":2,"column":23},"end":{"line":2,"column":60}},"2":{"start":{"line":4,"column":0},"end":{"line":4,"column":36}},"3":{"start":{"line":6,"column":0},"end":{"line":6,"column":23}}},"fnMap":{},"branchMap":{},"s":{"0":6,"1":6,"2":6,"3":6},"f":{},"b":{},"_coverageSchema":"1a1c01bbd47fc00a2c39e90264f33305004495a9","hash":"35c7d41b0c147c01bf09b62565b5c55153b22fce"}
,"D:\\sanbercode\\cmder\\hactiv8\\phase3\\final\\sign-io\\routes\\friend.js": {"path":"D:\\sanbercode\\cmder\\hactiv8\\phase3\\final\\sign-io\\routes\\friend.js","statementMap":{"0":{"start":{"line":1,"column":25},"end":{"line":1,"column":64}},"1":{"start":{"line":3,"column":15},"end":{"line":3,"column":42}},"2":{"start":{"line":5,"column":0},"end":{"line":5,"column":42}},"3":{"start":{"line":6,"column":0},"end":{"line":6,"column":45}},"4":{"start":{"line":7,"column":0},"end":{"line":7,"column":53}},"5":{"start":{"line":9,"column":0},"end":{"line":9,"column":24}}},"fnMap":{},"branchMap":{},"s":{"0":6,"1":6,"2":6,"3":6,"4":6,"5":6},"f":{},"b":{},"_coverageSchema":"1a1c01bbd47fc00a2c39e90264f33305004495a9","hash":"0b4dd078d18c171eda2e12efd8effeaefe540594"}
,"D:\\sanbercode\\cmder\\hactiv8\\phase3\\final\\sign-io\\routes\\index.js": {"path":"D:\\sanbercode\\cmder\\hactiv8\\phase3\\final\\sign-io\\routes\\index.js","statementMap":{"0":{"start":{"line":1,"column":15},"end":{"line":1,"column":42}},"1":{"start":{"line":2,"column":18},"end":{"line":2,"column":35}},"2":{"start":{"line":3,"column":18},"end":{"line":3,"column":35}},"3":{"start":{"line":4,"column":20},"end":{"line":4,"column":39}},"4":{"start":{"line":5,"column":20},"end":{"line":5,"column":39}},"5":{"start":{"line":6,"column":20},"end":{"line":6,"column":39}},"6":{"start":{"line":7,"column":18},"end":{"line":7,"column":35}},"7":{"start":{"line":8,"column":23},"end":{"line":8,"column":63}},"8":{"start":{"line":10,"column":0},"end":{"line":10,"column":35}},"9":{"start":{"line":11,"column":0},"end":{"line":11,"column":32}},"10":{"start":{"line":12,"column":0},"end":{"line":12,"column":27}},"11":{"start":{"line":13,"column":0},"end":{"line":13,"column":32}},"12":{"start":{"line":14,"column":0},"end":{"line":14,"column":36}},"13":{"start":{"line":15,"column":0},"end":{"line":15,"column":36}},"14":{"start":{"line":16,"column":0},"end":{"line":16,"column":31}},"15":{"start":{"line":18,"column":0},"end":{"line":18,"column":24}}},"fnMap":{},"branchMap":{},"s":{"0":6,"1":6,"2":6,"3":6,"4":6,"5":6,"6":6,"7":6,"8":6,"9":6,"10":6,"11":6,"12":6,"13":6,"14":6,"15":6},"f":{},"b":{},"_coverageSchema":"1a1c01bbd47fc00a2c39e90264f33305004495a9","hash":"7c610f10cf2b4f8c3b43e3253059a143b47248b8"}
,"D:\\sanbercode\\cmder\\hactiv8\\phase3\\final\\sign-io\\routes\\member.js": {"path":"D:\\sanbercode\\cmder\\hactiv8\\phase3\\final\\sign-io\\routes\\member.js","statementMap":{"0":{"start":{"line":1,"column":25},"end":{"line":1,"column":64}},"1":{"start":{"line":3,"column":15},"end":{"line":3,"column":42}},"2":{"start":{"line":5,"column":0},"end":{"line":5,"column":42}},"3":{"start":{"line":6,"column":0},"end":{"line":6,"column":45}},"4":{"start":{"line":7,"column":0},"end":{"line":7,"column":53}},"5":{"start":{"line":9,"column":0},"end":{"line":9,"column":24}}},"fnMap":{},"branchMap":{},"s":{"0":6,"1":6,"2":6,"3":6,"4":6,"5":6},"f":{},"b":{},"_coverageSchema":"1a1c01bbd47fc00a2c39e90264f33305004495a9","hash":"c57f9c0d594a570013ca40df9daf27833190f6c3"}
,"D:\\sanbercode\\cmder\\hactiv8\\phase3\\final\\sign-io\\routes\\room.js": {"path":"D:\\sanbercode\\cmder\\hactiv8\\phase3\\final\\sign-io\\routes\\room.js","statementMap":{"0":{"start":{"line":1,"column":23},"end":{"line":1,"column":60}},"1":{"start":{"line":3,"column":15},"end":{"line":3,"column":42}},"2":{"start":{"line":5,"column":0},"end":{"line":5,"column":40}},"3":{"start":{"line":6,"column":0},"end":{"line":6,"column":41}},"4":{"start":{"line":7,"column":0},"end":{"line":7,"column":49}},"5":{"start":{"line":8,"column":0},"end":{"line":8,"column":42}},"6":{"start":{"line":10,"column":0},"end":{"line":10,"column":24}}},"fnMap":{},"branchMap":{},"s":{"0":6,"1":6,"2":6,"3":6,"4":6,"5":6,"6":6},"f":{},"b":{},"_coverageSchema":"1a1c01bbd47fc00a2c39e90264f33305004495a9","hash":"383e971b1f90fd2f56b7d341a34f283af076258d"}
,"D:\\sanbercode\\cmder\\hactiv8\\phase3\\final\\sign-io\\routes\\speech.js": {"path":"D:\\sanbercode\\cmder\\hactiv8\\phase3\\final\\sign-io\\routes\\speech.js","statementMap":{"0":{"start":{"line":1,"column":15},"end":{"line":1,"column":42}},"1":{"start":{"line":2,"column":11},"end":{"line":2,"column":24}},"2":{"start":{"line":3,"column":15},"end":{"line":3,"column":46}},"3":{"start":{"line":4,"column":13},"end":{"line":4,"column":28}},"4":{"start":{"line":5,"column":15},"end":{"line":5,"column":32}},"5":{"start":{"line":6,"column":16},"end":{"line":13,"column":2}},"6":{"start":{"line":8,"column":4},"end":{"line":8,"column":60}},"7":{"start":{"line":11,"column":4},"end":{"line":11,"column":34}},"8":{"start":{"line":14,"column":15},"end":{"line":14,"column":43}},"9":{"start":{"line":15,"column":17},"end":{"line":15,"column":36}},"10":{"start":{"line":16,"column":15},"end":{"line":16,"column":40}},"11":{"start":{"line":18,"column":0},"end":{"line":68,"column":3}},"12":{"start":{"line":19,"column":23},"end":{"line":19,"column":31}},"13":{"start":{"line":20,"column":19},"end":{"line":20,"column":75}},"14":{"start":{"line":22,"column":2},"end":{"line":67,"column":3}},"15":{"start":{"line":23,"column":20},"end":{"line":26,"column":5}},"16":{"start":{"line":27,"column":17},"end":{"line":27,"column":47}},"17":{"start":{"line":29,"column":23},"end":{"line":29,"column":46}},"18":{"start":{"line":32,"column":18},"end":{"line":34,"column":5}},"19":{"start":{"line":36,"column":19},"end":{"line":44,"column":5}},"20":{"start":{"line":46,"column":20},"end":{"line":49,"column":5}},"21":{"start":{"line":55,"column":23},"end":{"line":55,"column":54}},"22":{"start":{"line":56,"column":26},"end":{"line":58,"column":17}},"23":{"start":{"line":57,"column":23},"end":{"line":57,"column":56}},"24":{"start":{"line":59,"column":4},"end":{"line":59,"column":26}},"25":{"start":{"line":60,"column":4},"end":{"line":60,"column":51}},"26":{"start":{"line":61,"column":4},"end":{"line":61,"column":28}},"27":{"start":{"line":62,"column":4},"end":{"line":62,"column":27}},"28":{"start":{"line":63,"column":4},"end":{"line":63,"column":44}},"29":{"start":{"line":65,"column":4},"end":{"line":65,"column":21}},"30":{"start":{"line":66,"column":4},"end":{"line":66,"column":14}},"31":{"start":{"line":70,"column":0},"end":{"line":70,"column":24}}},"fnMap":{"0":{"name":"(anonymous_0)","decl":{"start":{"line":7,"column":15},"end":{"line":7,"column":16}},"loc":{"start":{"line":7,"column":40},"end":{"line":9,"column":3}},"line":7},"1":{"name":"(anonymous_1)","decl":{"start":{"line":10,"column":12},"end":{"line":10,"column":13}},"loc":{"start":{"line":10,"column":37},"end":{"line":12,"column":3}},"line":10},"2":{"name":"(anonymous_2)","decl":{"start":{"line":18,"column":40},"end":{"line":18,"column":41}},"loc":{"start":{"line":18,"column":66},"end":{"line":68,"column":1}},"line":18},"3":{"name":"(anonymous_3)","decl":{"start":{"line":57,"column":11},"end":{"line":57,"column":12}},"loc":{"start":{"line":57,"column":23},"end":{"line":57,"column":56}},"line":57}},"branchMap":{},"s":{"0":6,"1":6,"2":6,"3":6,"4":6,"5":6,"6":0,"7":0,"8":6,"9":6,"10":6,"11":6,"12":1,"13":0,"14":0,"15":0,"16":0,"17":0,"18":0,"19":0,"20":0,"21":0,"22":0,"23":0,"24":0,"25":0,"26":0,"27":0,"28":0,"29":0,"30":0,"31":6},"f":{"0":0,"1":0,"2":1,"3":0},"b":{},"_coverageSchema":"1a1c01bbd47fc00a2c39e90264f33305004495a9","hash":"40b14d0f3008b8c336e1dedaf7f6cff3b7996a5b"}
,"D:\\sanbercode\\cmder\\hactiv8\\phase3\\final\\sign-io\\routes\\user.js": {"path":"D:\\sanbercode\\cmder\\hactiv8\\phase3\\final\\sign-io\\routes\\user.js","statementMap":{"0":{"start":{"line":1,"column":23},"end":{"line":1,"column":60}},"1":{"start":{"line":21,"column":15},"end":{"line":21,"column":42}},"2":{"start":{"line":23,"column":0},"end":{"line":23,"column":44}},"3":{"start":{"line":24,"column":0},"end":{"line":24,"column":50}},"4":{"start":{"line":25,"column":0},"end":{"line":27,"column":22}},"5":{"start":{"line":29,"column":0},"end":{"line":29,"column":24}}},"fnMap":{},"branchMap":{},"s":{"0":6,"1":6,"2":6,"3":6,"4":6,"5":6},"f":{},"b":{},"_coverageSchema":"1a1c01bbd47fc00a2c39e90264f33305004495a9","hash":"39b8ec6ca3ed2985ea75a5764a3965bd2369eaac"}
}
