TN:
SF:app.js
FN:31,(anonymous_0)
FN:34,(anonymous_1)
FN:38,(anonymous_2)
FN:42,(anonymous_3)
FN:46,(anonymous_4)
FNF:5
FNH:0
FNDA:0,(anonymous_0)
FNDA:0,(anonymous_1)
FNDA:0,(anonymous_2)
FNDA:0,(anonymous_3)
FNDA:0,(anonymous_4)
DA:1,6
DA:2,0
DA:5,6
DA:6,6
DA:7,6
DA:8,6
DA:9,6
DA:10,6
DA:12,6
DA:13,6
DA:15,6
DA:16,6
DA:19,6
DA:20,6
DA:21,6
DA:23,6
DA:24,6
DA:31,6
DA:32,0
DA:34,0
DA:35,0
DA:38,0
DA:39,0
DA:42,0
DA:43,0
DA:46,0
DA:47,0
DA:48,0
DA:60,6
LF:29
LH:18
BRDA:1,0,0,0
BRDA:1,0,1,6
BRDA:8,1,0,6
BRDA:8,1,1,6
BRF:4
BRH:3
end_of_record
TN:
SF:controllers\chatControl.js
FN:4,(anonymous_0)
FN:12,(anonymous_1)
FN:15,(anonymous_2)
FNF:3
FNH:3
FNDA:2,(anonymous_0)
FNDA:1,(anonymous_1)
FNDA:1,(anonymous_2)
DA:1,6
DA:5,2
DA:11,2
DA:13,1
DA:16,1
DA:21,6
LF:6
LH:6
BRF:0
BRH:0
end_of_record
TN:
SF:controllers\friendControl.js
FN:5,(anonymous_0)
FN:7,(anonymous_1)
FN:10,(anonymous_2)
FN:15,(anonymous_3)
FN:23,(anonymous_4)
FN:26,(anonymous_5)
FN:31,(anonymous_6)
FN:37,(anonymous_7)
FN:40,(anonymous_8)
FNF:9
FNH:4
FNDA:1,(anonymous_0)
FNDA:0,(anonymous_1)
FNDA:1,(anonymous_2)
FNDA:2,(anonymous_3)
FNDA:0,(anonymous_4)
FNDA:2,(anonymous_5)
FNDA:0,(anonymous_6)
FNDA:0,(anonymous_7)
FNDA:0,(anonymous_8)
DA:1,6
DA:6,1
DA:8,0
DA:11,1
DA:16,2
DA:17,2
DA:22,2
DA:24,0
DA:27,2
DA:32,0
DA:34,0
DA:38,0
DA:41,0
DA:47,6
LF:14
LH:8
BRF:0
BRH:0
end_of_record
TN:
SF:controllers\memberControl.js
FN:5,(anonymous_0)
FN:7,(anonymous_1)
FN:13,(anonymous_2)
FN:18,(anonymous_3)
FN:25,(anonymous_4)
FN:28,(anonymous_5)
FN:33,(anonymous_6)
FN:39,(anonymous_7)
FN:42,(anonymous_8)
FNF:9
FNH:9
FNDA:2,(anonymous_0)
FNDA:2,(anonymous_1)
FNDA:1,(anonymous_2)
FNDA:2,(anonymous_3)
FNDA:1,(anonymous_4)
FNDA:1,(anonymous_5)
FNDA:2,(anonymous_6)
FNDA:1,(anonymous_7)
FNDA:1,(anonymous_8)
DA:1,6
DA:6,2
DA:8,2
DA:9,1
DA:11,1
DA:14,1
DA:19,2
DA:24,2
DA:26,1
DA:29,1
DA:34,2
DA:36,2
DA:40,1
DA:43,1
DA:48,6
LF:15
LH:15
BRDA:8,0,0,1
BRDA:8,0,1,1
BRF:2
BRH:2
end_of_record
TN:
SF:controllers\roomControl.js
FN:5,(anonymous_0)
FN:14,(anonymous_1)
FN:26,(anonymous_2)
FN:56,(anonymous_3)
FN:62,(anonymous_4)
FN:65,(anonymous_5)
FN:70,(anonymous_6)
FN:85,(anonymous_7)
FN:86,(anonymous_8)
FN:100,(anonymous_9)
FNF:10
FNH:10
FNDA:2,(anonymous_0)
FNDA:2,(anonymous_1)
FNDA:5,(anonymous_2)
FNDA:2,(anonymous_3)
FNDA:1,(anonymous_4)
FNDA:1,(anonymous_5)
FNDA:2,(anonymous_6)
FNDA:2,(anonymous_7)
FNDA:2,(anonymous_8)
FNDA:1,(anonymous_9)
DA:1,6
DA:6,2
DA:7,2
DA:13,2
DA:14,2
DA:15,2
DA:17,2
DA:18,1
DA:20,1
DA:22,1
DA:27,5
DA:28,5
DA:30,5
DA:31,5
DA:36,5
DA:39,4
DA:43,4
DA:46,4
DA:52,1
DA:57,2
DA:59,2
DA:63,1
DA:66,1
DA:71,2
DA:72,2
DA:84,2
DA:86,2
DA:87,2
DA:89,2
DA:95,2
DA:96,1
DA:98,1
DA:101,1
DA:106,6
LF:34
LH:34
BRDA:17,0,0,1
BRDA:17,0,1,1
BRDA:95,1,0,1
BRDA:95,1,1,1
BRF:4
BRH:4
end_of_record
TN:
SF:controllers\userControl.js
FN:7,(anonymous_0)
FN:16,(anonymous_1)
FN:22,(anonymous_2)
FN:27,(anonymous_3)
FN:39,(anonymous_4)
FN:57,(anonymous_5)
FN:65,(anonymous_6)
FN:78,(anonymous_7)
FN:83,(anonymous_8)
FN:91,(anonymous_9)
FN:97,(anonymous_10)
FNF:11
FNH:11
FNDA:2,(anonymous_0)
FNDA:1,(anonymous_1)
FNDA:1,(anonymous_2)
FNDA:8,(anonymous_3)
FNDA:7,(anonymous_4)
FNDA:2,(anonymous_5)
FNDA:8,(anonymous_6)
FNDA:7,(anonymous_7)
FNDA:2,(anonymous_8)
FNDA:1,(anonymous_9)
FNDA:1,(anonymous_10)
DA:1,6
DA:2,6
DA:3,6
DA:8,2
DA:15,2
DA:17,1
DA:23,1
DA:28,8
DA:33,8
DA:34,1
DA:36,7
DA:40,7
DA:41,1
DA:42,6
DA:43,1
DA:45,5
DA:49,5
DA:58,2
DA:62,8
DA:66,8
DA:67,2
DA:68,6
DA:69,1
DA:71,5
DA:75,5
DA:79,7
DA:84,2
DA:85,2
DA:90,2
DA:92,1
DA:98,1
DA:103,6
LF:32
LH:32
BRDA:33,0,0,1
BRDA:33,0,1,7
BRDA:33,1,0,8
BRDA:33,1,1,1
BRDA:40,2,0,1
BRDA:40,2,1,6
BRDA:42,3,0,1
BRDA:42,3,1,5
BRDA:66,4,0,2
BRDA:66,4,1,6
BRDA:68,5,0,1
BRDA:68,5,1,5
BRF:12
BRH:12
end_of_record
TN:
SF:helpers\bcrypt.js
FN:3,hashPass
FN:10,comparePass
FNF:2
FNH:2
FNDA:1,hashPass
FNDA:12,comparePass
DA:1,6
DA:4,1
DA:5,1
DA:7,1
DA:11,12
DA:14,6
LF:6
LH:6
BRF:0
BRH:0
end_of_record
TN:
SF:helpers\jwt.js
FN:4,signToken
FN:9,verifyToken
FNF:2
FNH:2
FNDA:10,signToken
FNDA:26,verifyToken
DA:1,6
DA:2,6
DA:5,10
DA:6,10
DA:10,26
DA:11,26
DA:14,6
LF:7
LH:7
BRF:0
BRH:0
end_of_record
TN:
SF:middlewares\authentication.js
FN:4,authentication
FNF:1
FNH:1
FNDA:36,authentication
DA:1,6
DA:2,6
DA:5,36
DA:8,36
DA:9,36
DA:10,10
DA:13,26
DA:14,26
DA:18,26
DA:19,2
DA:21,24
DA:22,24
DA:26,2
DA:30,6
LF:14
LH:14
BRDA:9,0,0,10
BRDA:9,0,1,26
BRDA:18,1,0,2
BRDA:18,1,1,24
BRF:4
BRH:4
end_of_record
TN:
SF:middlewares\errorHandlers.js
FN:1,(anonymous_0)
FN:6,(anonymous_1)
FNF:2
FNH:2
FNDA:23,(anonymous_0)
FNDA:5,(anonymous_1)
DA:1,6
DA:2,23
DA:3,23
DA:4,23
DA:5,3
DA:6,3
DA:7,5
DA:9,3
DA:12,23
LF:9
LH:9
BRDA:2,0,0,23
BRDA:2,0,1,15
BRDA:3,1,0,23
BRDA:3,1,1,15
BRDA:4,2,0,3
BRDA:4,2,1,20
BRF:6
BRH:6
end_of_record
TN:
SF:models\chat.js
FN:5,(anonymous_0)
FN:12,(anonymous_1)
FNF:2
FNH:2
FNDA:6,(anonymous_0)
FNDA:6,(anonymous_1)
DA:4,6
DA:5,6
DA:13,6
DA:14,6
DA:17,6
DA:25,6
LF:6
LH:6
BRF:0
BRH:0
end_of_record
TN:
SF:models\friend.js
FN:5,(anonymous_0)
FN:12,(anonymous_1)
FNF:2
FNH:2
FNDA:6,(anonymous_0)
FNDA:6,(anonymous_1)
DA:4,6
DA:5,6
DA:14,6
DA:15,6
DA:18,6
DA:25,6
LF:6
LH:6
BRF:0
BRH:0
end_of_record
TN:
SF:models\index.js
FN:20,(anonymous_0)
FN:23,(anonymous_1)
FN:28,(anonymous_2)
FNF:3
FNH:3
FNDA:36,(anonymous_0)
FNDA:30,(anonymous_1)
FNDA:30,(anonymous_2)
DA:3,6
DA:4,6
DA:5,6
DA:6,6
DA:7,6
DA:8,6
DA:9,6
DA:12,6
DA:13,0
DA:15,6
DA:18,6
DA:21,36
DA:24,30
DA:25,30
DA:28,6
DA:29,30
DA:30,30
DA:34,6
DA:35,6
DA:37,6
LF:20
LH:19
BRDA:7,0,0,6
BRDA:7,0,1,0
BRDA:12,1,0,0
BRDA:12,1,1,6
BRDA:21,2,0,36
BRDA:21,2,1,36
BRDA:21,2,2,30
BRDA:29,3,0,30
BRDA:29,3,1,0
BRF:9
BRH:6
end_of_record
TN:
SF:models\member.js
FN:5,(anonymous_0)
FN:12,(anonymous_1)
FNF:2
FNH:2
FNDA:6,(anonymous_0)
FNDA:6,(anonymous_1)
DA:4,6
DA:5,6
DA:14,6
DA:15,6
DA:18,6
DA:25,6
LF:6
LH:6
BRF:0
BRH:0
end_of_record
TN:
SF:models\room.js
FN:5,(anonymous_0)
FN:12,(anonymous_1)
FNF:2
FNH:2
FNDA:6,(anonymous_0)
FNDA:6,(anonymous_1)
DA:4,6
DA:5,6
DA:14,6
DA:15,6
DA:16,6
DA:19,6
DA:41,6
LF:7
LH:7
BRF:0
BRH:0
end_of_record
TN:
SF:models\user.js
FN:6,(anonymous_0)
FN:13,(anonymous_1)
FN:69,(anonymous_2)
FNF:3
FNH:3
FNDA:6,(anonymous_0)
FNDA:6,(anonymous_1)
FNDA:1,(anonymous_2)
DA:4,6
DA:5,6
DA:6,6
DA:15,6
DA:16,6
DA:17,6
DA:20,6
DA:70,1
DA:74,6
LF:9
LH:9
BRF:0
BRH:0
end_of_record
TN:
SF:routes\chat.js
FNF:0
FNH:0
DA:1,6
DA:2,6
DA:4,6
DA:6,6
LF:4
LH:4
BRF:0
BRH:0
end_of_record
TN:
SF:routes\friend.js
FNF:0
FNH:0
DA:1,6
DA:3,6
DA:5,6
DA:6,6
DA:7,6
DA:9,6
LF:6
LH:6
BRF:0
BRH:0
end_of_record
TN:
SF:routes\index.js
FNF:0
FNH:0
DA:1,6
DA:2,6
DA:3,6
DA:4,6
DA:5,6
DA:6,6
DA:7,6
DA:8,6
DA:10,6
DA:11,6
DA:12,6
DA:13,6
DA:14,6
DA:15,6
DA:16,6
DA:18,6
LF:16
LH:16
BRF:0
BRH:0
end_of_record
TN:
SF:routes\member.js
FNF:0
FNH:0
DA:1,6
DA:3,6
DA:5,6
DA:6,6
DA:7,6
DA:9,6
LF:6
LH:6
BRF:0
BRH:0
end_of_record
TN:
SF:routes\room.js
FNF:0
FNH:0
DA:1,6
DA:3,6
DA:5,6
DA:6,6
DA:7,6
DA:8,6
DA:10,6
LF:7
LH:7
BRF:0
BRH:0
end_of_record
TN:
SF:routes\speech.js
FN:7,(anonymous_0)
FN:10,(anonymous_1)
FN:18,(anonymous_2)
FN:57,(anonymous_3)
FNF:4
FNH:0
FNDA:0,(anonymous_0)
FNDA:0,(anonymous_1)
FNDA:0,(anonymous_2)
FNDA:0,(anonymous_3)
DA:1,6
DA:2,6
DA:3,6
DA:4,6
DA:5,6
DA:6,6
DA:8,0
DA:11,0
DA:14,6
DA:15,6
DA:16,6
DA:18,6
DA:19,0
DA:20,0
DA:22,0
DA:23,0
DA:27,0
DA:29,0
DA:32,0
DA:36,0
DA:46,0
DA:55,0
DA:56,0
DA:57,0
DA:59,0
DA:60,0
DA:61,0
DA:62,0
DA:63,0
DA:65,0
DA:66,0
DA:70,6
LF:32
LH:11
BRF:0
BRH:0
end_of_record
TN:
SF:routes\user.js
FN:10,(anonymous_0)
FN:27,(anonymous_1)
FNF:2
FNH:0
FNDA:0,(anonymous_0)
FNDA:0,(anonymous_1)
DA:1,6
DA:2,6
DA:3,6
DA:5,6
DA:11,0
DA:15,6
DA:22,6
DA:24,6
DA:25,6
DA:26,6
DA:27,6
DA:28,0
DA:29,0
DA:34,6
LF:14
LH:11
BRF:0
BRH:0
end_of_record
