TN:
SF:app.js
FNF:0
FNH:0
DA:1,4
DA:2,0
DA:5,4
DA:6,4
DA:7,4
DA:8,4
DA:9,4
DA:10,4
DA:13,4
DA:14,4
DA:15,4
DA:17,4
DA:18,4
DA:24,4
LF:14
LH:13
BRDA:1,0,0,0
BRDA:1,0,1,4
BRDA:8,1,0,4
BRDA:8,1,1,4
BRF:4
BRH:3
end_of_record
TN:
SF:controllers\friendControl.js
FN:5,(anonymous_0)
FN:7,(anonymous_1)
FN:10,(anonymous_2)
FN:15,(anonymous_3)
FN:23,(anonymous_4)
FN:26,(anonymous_5)
FN:31,(anonymous_6)
FN:37,(anonymous_7)
FN:40,(anonymous_8)
FNF:9
FNH:4
FNDA:1,(anonymous_0)
FNDA:0,(anonymous_1)
FNDA:1,(anonymous_2)
FNDA:2,(anonymous_3)
FNDA:0,(anonymous_4)
FNDA:2,(anonymous_5)
FNDA:0,(anonymous_6)
FNDA:0,(anonymous_7)
FNDA:0,(anonymous_8)
DA:1,4
DA:6,1
DA:8,0
DA:11,1
DA:16,2
DA:17,2
DA:22,2
DA:24,0
DA:27,2
DA:32,0
DA:34,0
DA:38,0
DA:41,0
DA:47,4
LF:14
LH:8
BRF:0
BRH:0
end_of_record
TN:
SF:controllers\memberControl.js
FN:5,(anonymous_0)
FN:7,(anonymous_1)
FN:10,(anonymous_2)
FN:16,(anonymous_3)
FN:23,(anonymous_4)
FN:26,(anonymous_5)
FN:33,(anonymous_6)
FN:39,(anonymous_7)
FN:42,(anonymous_8)
FNF:9
FNH:6
FNDA:1,(anonymous_0)
FNDA:1,(anonymous_1)
FNDA:0,(anonymous_2)
FNDA:1,(anonymous_3)
FNDA:1,(anonymous_4)
FNDA:0,(anonymous_5)
FNDA:1,(anonymous_6)
FNDA:1,(anonymous_7)
FNDA:0,(anonymous_8)
DA:1,4
DA:6,1
DA:8,1
DA:12,0
DA:17,1
DA:22,1
DA:24,1
DA:28,0
DA:34,1
DA:36,1
DA:40,1
DA:44,0
DA:49,4
LF:13
LH:10
BRF:0
BRH:0
end_of_record
TN:
SF:controllers\roomControl.js
FN:5,(anonymous_0)
FN:7,(anonymous_1)
FN:10,(anonymous_2)
FN:16,(anonymous_3)
FN:24,(anonymous_4)
FN:31,(anonymous_5)
FN:37,(anonymous_6)
FN:43,(anonymous_7)
FN:46,(anonymous_8)
FNF:9
FNH:7
FNDA:1,(anonymous_0)
FNDA:1,(anonymous_1)
FNDA:0,(anonymous_2)
FNDA:4,(anonymous_3)
FNDA:3,(anonymous_4)
FNDA:1,(anonymous_5)
FNDA:1,(anonymous_6)
FNDA:1,(anonymous_7)
FNDA:0,(anonymous_8)
DA:1,4
DA:6,1
DA:8,1
DA:11,0
DA:17,4
DA:18,4
DA:23,4
DA:25,3
DA:32,1
DA:38,1
DA:40,1
DA:44,1
DA:47,0
DA:48,0
DA:55,4
LF:15
LH:12
BRF:0
BRH:0
end_of_record
TN:
SF:controllers\userControl.js
FN:25,(anonymous_0)
FN:33,(anonymous_1)
FN:39,(anonymous_2)
FN:44,(anonymous_3)
FN:56,(anonymous_4)
FN:69,(anonymous_5)
FN:77,(anonymous_6)
FN:90,(anonymous_7)
FN:95,(anonymous_8)
FN:103,(anonymous_9)
FN:106,(anonymous_10)
FNF:11
FNH:7
FNDA:2,(anonymous_0)
FNDA:1,(anonymous_1)
FNDA:1,(anonymous_2)
FNDA:6,(anonymous_3)
FNDA:6,(anonymous_4)
FNDA:0,(anonymous_5)
FNDA:6,(anonymous_6)
FNDA:6,(anonymous_7)
FNDA:0,(anonymous_8)
FNDA:0,(anonymous_9)
FNDA:0,(anonymous_10)
DA:1,4
DA:2,4
DA:3,4
DA:26,2
DA:32,2
DA:34,1
DA:40,1
DA:45,6
DA:50,6
DA:51,0
DA:53,6
DA:57,6
DA:58,0
DA:59,6
DA:60,2
DA:62,4
DA:66,4
DA:70,0
DA:74,6
DA:78,6
DA:79,0
DA:80,6
DA:81,2
DA:83,4
DA:87,4
DA:91,6
DA:96,0
DA:97,0
DA:102,0
DA:104,0
DA:107,0
DA:112,4
LF:32
LH:23
BRDA:50,0,0,0
BRDA:50,0,1,6
BRDA:50,1,0,6
BRDA:50,1,1,0
BRDA:57,2,0,0
BRDA:57,2,1,6
BRDA:59,3,0,2
BRDA:59,3,1,4
BRDA:78,4,0,0
BRDA:78,4,1,6
BRDA:80,5,0,2
BRDA:80,5,1,4
BRF:12
BRH:8
end_of_record
TN:
SF:helpers\bcrypt.js
FN:3,hashPass
FN:10,comparePass
FNF:2
FNH:2
FNDA:1,hashPass
FNDA:12,comparePass
DA:1,4
DA:4,1
DA:5,1
DA:7,1
DA:11,12
DA:14,4
LF:6
LH:6
BRF:0
BRH:0
end_of_record
TN:
SF:helpers\jwt.js
FN:4,signToken
FN:9,verifyToken
FNF:2
FNH:2
FNDA:8,signToken
FNDA:12,verifyToken
DA:1,4
DA:2,4
DA:5,8
DA:6,8
DA:10,12
DA:11,12
DA:14,4
LF:7
LH:7
BRF:0
BRH:0
end_of_record
TN:
SF:middlewares\authentication.js
FN:4,authentication
FNF:1
FNH:1
FNDA:20,authentication
DA:1,4
DA:2,4
DA:5,20
DA:8,20
DA:9,20
DA:10,8
DA:13,12
DA:14,12
DA:18,12
DA:19,0
DA:22,12
DA:23,12
DA:27,0
DA:28,0
DA:32,4
LF:15
LH:12
BRDA:9,0,0,8
BRDA:9,0,1,12
BRDA:18,1,0,0
BRDA:18,1,1,12
BRF:4
BRH:3
end_of_record
TN:
SF:middlewares\errorHandlers.js
FN:1,(anonymous_0)
FN:6,(anonymous_1)
FNF:2
FNH:2
FNDA:9,(anonymous_0)
FNDA:3,(anonymous_1)
DA:1,4
DA:2,9
DA:3,9
DA:4,9
DA:5,1
DA:6,1
DA:7,3
DA:9,1
DA:10,8
DA:11,0
DA:12,0
DA:15,9
LF:12
LH:10
BRDA:2,0,0,9
BRDA:2,0,1,7
BRDA:3,1,0,9
BRDA:3,1,1,6
BRDA:4,2,0,1
BRDA:4,2,1,8
BRDA:10,3,0,0
BRDA:10,3,1,8
BRF:8
BRH:7
end_of_record
TN:
SF:models\friend.js
FN:5,(anonymous_0)
FN:12,(anonymous_1)
FNF:2
FNH:2
FNDA:4,(anonymous_0)
FNDA:4,(anonymous_1)
DA:4,4
DA:5,4
DA:14,4
DA:15,4
DA:18,4
DA:25,4
LF:6
LH:6
BRF:0
BRH:0
end_of_record
TN:
SF:models\index.js
FN:20,(anonymous_0)
FN:23,(anonymous_1)
FN:28,(anonymous_2)
FNF:3
FNH:3
FNDA:20,(anonymous_0)
FNDA:16,(anonymous_1)
FNDA:16,(anonymous_2)
DA:3,4
DA:4,4
DA:5,4
DA:6,4
DA:7,4
DA:8,4
DA:9,4
DA:12,4
DA:13,0
DA:15,4
DA:18,4
DA:21,20
DA:24,16
DA:25,16
DA:28,4
DA:29,16
DA:30,16
DA:34,4
DA:35,4
DA:37,4
LF:20
LH:19
BRDA:7,0,0,4
BRDA:7,0,1,0
BRDA:12,1,0,0
BRDA:12,1,1,4
BRDA:21,2,0,20
BRDA:21,2,1,20
BRDA:21,2,2,16
BRDA:29,3,0,16
BRDA:29,3,1,0
BRF:9
BRH:6
end_of_record
TN:
SF:models\member.js
FN:5,(anonymous_0)
FN:12,(anonymous_1)
FNF:2
FNH:2
FNDA:4,(anonymous_0)
FNDA:4,(anonymous_1)
DA:4,4
DA:5,4
DA:14,4
DA:15,4
DA:18,4
DA:25,4
LF:6
LH:6
BRF:0
BRH:0
end_of_record
TN:
SF:models\room.js
FN:5,(anonymous_0)
FN:12,(anonymous_1)
FNF:2
FNH:2
FNDA:4,(anonymous_0)
FNDA:4,(anonymous_1)
DA:4,4
DA:5,4
DA:14,4
DA:15,4
DA:18,4
DA:39,4
LF:6
LH:6
BRF:0
BRH:0
end_of_record
TN:
SF:models\user.js
FN:6,(anonymous_0)
FN:13,(anonymous_1)
FN:67,(anonymous_2)
FNF:3
FNH:3
FNDA:4,(anonymous_0)
FNDA:4,(anonymous_1)
FNDA:1,(anonymous_2)
DA:4,4
DA:5,4
DA:6,4
DA:15,4
DA:16,4
DA:19,4
DA:68,1
DA:72,4
LF:8
LH:8
BRF:0
BRH:0
end_of_record
TN:
SF:routes\friend.js
FNF:0
FNH:0
DA:1,4
DA:3,4
DA:5,4
DA:6,4
DA:7,4
DA:9,4
LF:6
LH:6
BRF:0
BRH:0
end_of_record
TN:
SF:routes\index.js
FNF:0
FNH:0
DA:1,4
DA:2,4
DA:3,4
DA:4,4
DA:5,4
DA:6,4
DA:8,4
DA:9,4
DA:10,4
DA:11,4
DA:12,4
DA:14,4
LF:12
LH:12
BRF:0
BRH:0
end_of_record
TN:
SF:routes\member.js
FNF:0
FNH:0
DA:1,4
DA:3,4
DA:5,4
DA:6,4
DA:7,4
DA:9,4
LF:6
LH:6
BRF:0
BRH:0
end_of_record
TN:
SF:routes\room.js
FNF:0
FNH:0
DA:1,4
DA:3,4
DA:5,4
DA:6,4
DA:7,4
DA:9,4
LF:6
LH:6
BRF:0
BRH:0
end_of_record
TN:
SF:routes\user.js
FNF:0
FNH:0
DA:1,4
DA:21,4
DA:23,4
DA:24,4
DA:25,4
DA:29,4
LF:6
LH:6
BRF:0
BRH:0
end_of_record
